{"numTotalTestSuites":74,"numPassedTestSuites":65,"numFailedTestSuites":9,"numPendingTestSuites":0,"numTotalTests":248,"numPassedTests":239,"numFailedTests":9,"numPendingTests":0,"numTodoTests":0,"snapshot":{"added":0,"failure":false,"filesAdded":0,"filesRemoved":0,"filesRemovedList":[],"filesUnmatched":0,"filesUpdated":0,"matched":0,"total":0,"unchecked":0,"uncheckedKeysByFile":[],"unmatched":0,"updated":0,"didUpdate":false},"startTime":1786756242940,"success":false,"testResults":[{"assertionResults":[{"ancestorTitles":["loadDailySummary"],"fullName":"loadDailySummary chama a Edge Function e guarda o resumo devolvido","status":"passed","title":"chama a Edge Function e guarda o resumo devolvido","duration":2.4328999999997905,"failureMessages":[],"meta":{},"tags":[]},{"ancestorTitles":["loadDailySummary"],"fullName":"loadDailySummary não repete o pedido se já há um resumo de hoje em memória","status":"passed","title":"não repete o pedido se já há um resumo de hoje em memória","duration":0.3832999999999629,"failureMessages":[],"meta":{},"tags":[]},{"ancestorTitles":["loadDailySummary"],"fullName":"loadDailySummary force=true ignora o resumo em memória e volta a pedir","status":"passed","title":"force=true ignora o resumo em memória e volta a pedir","duration":0.5486000000000786,"failureMessages":[],"meta":{},"tags":[]},{"ancestorTitles":["loadDailySummary"],"fullName":"loadDailySummary reload=true volta a pedir mesmo com um resumo de hoje em memória","status":"passed","title":"reload=true volta a pedir mesmo com um resumo de hoje em memória","duration":0.3987999999999374,"failureMessages":[],"meta":{},"tags":[]},{"ancestorTitles":["loadDailySummary"],"fullName":"loadDailySummary um resumo de um dia anterior em memória não bloqueia o novo pedido","status":"passed","title":"um resumo de um dia anterior em memória não bloqueia o novo pedido","duration":0.32110000000011496,"failureMessages":[],"meta":{},"tags":[]},{"ancestorTitles":["loadDailySummary"],"fullName":"loadDailySummary em erro, devolve null e não mexe no resumo já guardado","status":"passed","title":"em erro, devolve null e não mexe no resumo já guardado","duration":1.0322999999998501,"failureMessages":[],"meta":{},"tags":[]},{"ancestorTitles":["loadDailySummary"],"fullName":"loadDailySummary desliga dailySummaryLoading mesmo quando o pedido falha","status":"passed","title":"desliga dailySummaryLoading mesmo quando o pedido falha","duration":0.2804999999998472,"failureMessages":[],"meta":{},"tags":[]}],"startTime":1786756248738,"endTime":1786756248743.2805,"status":"passed","message":"","name":"C:/Users/rpmar/IronHealth-master/src/store/dailySummary.test.js"},{"assertionResults":[{"ancestorTitles":["Zustand Store"],"fullName":"Zustand Store should initialize with empty default state","status":"passed","title":"should initialize with empty default state","duration":1.8182000000001608,"failureMessages":[],"meta":{},"tags":[]},{"ancestorTitles":["Zustand Store"],"fullName":"Zustand Store should update profile using setProfile/setState directly","status":"passed","title":"should update profile using setProfile/setState directly","duration":0.31239999999979773,"failureMessages":[],"meta":{},"tags":[]},{"ancestorTitles":["Zustand Store"],"fullName":"Zustand Store should add a coach message","status":"passed","title":"should add a coach message","duration":0.23540000000002692,"failureMessages":[],"meta":{},"tags":[]}],"startTime":1786756250070,"endTime":1786756250072.3125,"status":"passed","message":"","name":"C:/Users/rpmar/IronHealth-master/src/store/index.test.js"},{"assertionResults":[{"ancestorTitles":["ageFromBirthDate"],"fullName":"ageFromBirthDate calcula a idade quando o aniversário já passou este ano","status":"passed","title":"calcula a idade quando o aniversário já passou este ano","duration":2.504899999999907,"failureMessages":[],"meta":{},"tags":[]},{"ancestorTitles":["ageFromBirthDate"],"fullName":"ageFromBirthDate não conta o ano quando o aniversário ainda não chegou","status":"passed","title":"não conta o ano quando o aniversário ainda não chegou","duration":0.384900000000016,"failureMessages":[],"meta":{},"tags":[]},{"ancestorTitles":["ageFromBirthDate"],"fullName":"ageFromBirthDate conta o ano no próprio dia do aniversário","status":"passed","title":"conta o ano no próprio dia do aniversário","duration":0.28559999999993124,"failureMessages":[],"meta":{},"tags":[]},{"ancestorTitles":["ageFromBirthDate"],"fullName":"ageFromBirthDate não conta no dia anterior ao aniversário","status":"passed","title":"não conta no dia anterior ao aniversário","duration":0.2899999999999636,"failureMessages":[],"meta":{},"tags":[]},{"ancestorTitles":["ageFromBirthDate"],"fullName":"ageFromBirthDate devolve null sem data ou com data inválida","status":"passed","title":"devolve null sem data ou com data inválida","duration":0.16010000000005675,"failureMessages":[],"meta":{},"tags":[]},{"ancestorTitles":["ageFromBirthDate"],"fullName":"ageFromBirthDate rejeita datas absurdas em vez de devolver um número enganador","status":"passed","title":"rejeita datas absurdas em vez de devolver um número enganador","duration":0.2744000000000142,"failureMessages":[],"meta":{},"tags":[]}],"startTime":1786756248791,"endTime":1786756248794.29,"status":"passed","message":"","name":"C:/Users/rpmar/IronHealth-master/src/utils/body.test.js"},{"assertionResults":[{"ancestorTitles":["DIETARY_RESTRICTIONS"],"fullName":"DIETARY_RESTRICTIONS só usa chaves aceites pela base de dados","status":"passed","title":"só usa chaves aceites pela base de dados","duration":1.43549999999982,"failureMessages":[],"meta":{},"tags":[]},{"ancestorTitles":["DIETARY_RESTRICTIONS"],"fullName":"DIETARY_RESTRICTIONS tem etiqueta, descrição, substitutos e nutrientes críticos em todas","status":"passed","title":"tem etiqueta, descrição, substitutos e nutrientes críticos em todas","duration":0.4670000000000982,"failureMessages":[],"meta":{},"tags":[]},{"ancestorTitles":["DIETARY_RESTRICTIONS"],"fullName":"DIETARY_RESTRICTIONS só obriga a B12 no vegano, não no vegetariano","status":"passed","title":"só obriga a B12 no vegano, não no vegetariano","duration":0.18840000000000146,"failureMessages":[],"meta":{},"tags":[]},{"ancestorTitles":["DIETARY_RESTRICTIONS"],"fullName":"DIETARY_RESTRICTIONS mantém o multiplicador de ferro de 1,8x nas dietas sem carne","status":"passed","title":"mantém o multiplicador de ferro de 1,8x nas dietas sem carne","duration":0.1111999999998261,"failureMessages":[],"meta":{},"tags":[]},{"ancestorTitles":["acessores"],"fullName":"acessores devolvem a própria chave / vazio quando a restrição não existe","status":"passed","title":"devolvem a própria chave / vazio quando a restrição não existe","duration":0.2278000000001157,"failureMessages":[],"meta":{},"tags":[]},{"ancestorTitles":["toggleRestriction"],"fullName":"toggleRestriction acrescenta e remove","status":"passed","title":"acrescenta e remove","duration":0.17300000000000182,"failureMessages":[],"meta":{},"tags":[]},{"ancestorTitles":["toggleRestriction"],"fullName":"toggleRestriction desliga vegetariano ao escolher vegano, e vice-versa","status":"passed","title":"desliga vegetariano ao escolher vegano, e vice-versa","duration":0.11930000000006658,"failureMessages":[],"meta":{},"tags":[]},{"ancestorTitles":["toggleRestriction"],"fullName":"toggleRestriction deixa as restrições combináveis coexistir","status":"passed","title":"deixa as restrições combináveis coexistir","duration":0.10079999999993561,"failureMessages":[],"meta":{},"tags":[]},{"ancestorTitles":["toggleRestriction"],"fullName":"toggleRestriction devolve sempre a mesma ordem para a mesma escolha","status":"passed","title":"devolve sempre a mesma ordem para a mesma escolha","duration":0.11089999999990141,"failureMessages":[],"meta":{},"tags":[]},{"ancestorTitles":["toggleRestriction"],"fullName":"toggleRestriction lida com null/undefined sem rebentar","status":"passed","title":"lida com null/undefined sem rebentar","duration":0.16650000000004184,"failureMessages":[],"meta":{},"tags":[]},{"ancestorTitles":["normalizeRestrictions"],"fullName":"normalizeRestrictions converte vazio em null para não deixar [] na base de dados","status":"passed","title":"converte vazio em null para não deixar [] na base de dados","duration":0.13340000000016516,"failureMessages":[],"meta":{},"tags":[]},{"ancestorTitles":["describeRestrictionsForCoach"],"fullName":"describeRestrictionsForCoach não diz nada quando não há restrições","status":"passed","title":"não diz nada quando não há restrições","duration":0.1412000000000262,"failureMessages":[],"meta":{},"tags":[]},{"ancestorTitles":["describeRestrictionsForCoach"],"fullName":"describeRestrictionsForCoach inclui alternativas e nutrientes críticos","status":"passed","title":"inclui alternativas e nutrientes críticos","duration":0.11969999999996617,"failureMessages":[],"meta":{},"tags":[]},{"ancestorTitles":["describeRestrictionsForCoach"],"fullName":"describeRestrictionsForCoach passa as notas em bruto e marca-as como absolutas","status":"passed","title":"passa as notas em bruto e marca-as como absolutas","duration":0.08349999999995816,"failureMessages":[],"meta":{},"tags":[]},{"ancestorTitles":["describeRestrictionsForCoach"],"fullName":"describeRestrictionsForCoach ignora chaves desconhecidas em vez de rebentar","status":"passed","title":"ignora chaves desconhecidas em vez de rebentar","duration":0.07490000000007058,"failureMessages":[],"meta":{},"tags":[]}],"startTime":1786756248644,"endTime":1786756248648.141,"status":"passed","message":"","name":"C:/Users/rpmar/IronHealth-master/src/utils/diet.test.js"},{"assertionResults":[{"ancestorTitles":["EXPERIENCE_LEVELS"],"fullName":"EXPERIENCE_LEVELS só usa chaves aceites pela base de dados","status":"passed","title":"só usa chaves aceites pela base de dados","duration":1.6619999999998072,"failureMessages":[],"meta":{},"tags":[]},{"ancestorTitles":["EXPERIENCE_LEVELS"],"fullName":"EXPERIENCE_LEVELS cobre os quatro níveis, sem faltar nenhum","status":"passed","title":"cobre os quatro níveis, sem faltar nenhum","duration":0.44079999999985375,"failureMessages":[],"meta":{},"tags":[]},{"ancestorTitles":["EXPERIENCE_LEVELS"],"fullName":"EXPERIENCE_LEVELS está ordenado do menos para o mais experiente — a UI depende disso","status":"passed","title":"está ordenado do menos para o mais experiente — a UI depende disso","duration":0.1190999999998894,"failureMessages":[],"meta":{},"tags":[]},{"ancestorTitles":["EXPERIENCE_LEVELS"],"fullName":"EXPERIENCE_LEVELS tem etiqueta, descrição e critérios em todos","status":"passed","title":"tem etiqueta, descrição e critérios em todos","duration":0.36390000000005784,"failureMessages":[],"meta":{},"tags":[]},{"ancestorTitles":["EXPERIENCE_LEVELS"],"fullName":"EXPERIENCE_LEVELS dá o mesmo número de critérios a todos os níveis","status":"passed","title":"dá o mesmo número de critérios a todos os níveis","duration":0.12599999999997635,"failureMessages":[],"meta":{},"tags":[]},{"ancestorTitles":["acessores"],"fullName":"acessores devolvem a própria chave / vazio quando o nível não existe","status":"passed","title":"devolvem a própria chave / vazio quando o nível não existe","duration":0.1586000000002059,"failureMessages":[],"meta":{},"tags":[]},{"ancestorTitles":["acessores"],"fullName":"acessores lidam com null/undefined sem rebentar","status":"passed","title":"lidam com null/undefined sem rebentar","duration":0.08999999999991815,"failureMessages":[],"meta":{},"tags":[]},{"ancestorTitles":["EXPERIENCE_TIEBREAK_HINT"],"fullName":"EXPERIENCE_TIEBREAK_HINT existe e explica a regra de escolher o nível mais baixo","status":"passed","title":"existe e explica a regra de escolher o nível mais baixo","duration":0.12830000000008113,"failureMessages":[],"meta":{},"tags":[]}],"startTime":1786756248809,"endTime":1786756248812.1587,"status":"passed","message":"","name":"C:/Users/rpmar/IronHealth-master/src/utils/experience.test.js"},{"assertionResults":[{"ancestorTitles":["haptics utility"],"fullName":"haptics utility triggerCarouselTick calls navigator.vibrate with 15ms tick pattern","status":"failed","title":"triggerCarouselTick calls navigator.vibrate with 15ms tick pattern","duration":5.999599999999873,"failureMessages":["AssertionError: expected \"vi.fn()\" to be called with arguments: [ 15 ]\u001b[90m\n\nReceived:\n\n\u001b[1m  1st vi.fn() call:\n\n\u001b[22m\u001b[2m  [\u001b[22m\n\u001b[32m-   15,\u001b[90m\n\u001b[31m+   30,\u001b[90m\n\u001b[2m  ]\u001b[22m\n\u001b[39m\u001b[90m\n\nNumber of calls: \u001b[1m1\u001b[22m\n\u001b[39m\n    at Proxy.<anonymous> (file:///C:/Users/rpmar/IronHealth-master/node_modules/@vitest/expect/dist/index.js:1487:10)\n    at Proxy.<anonymous> (file:///C:/Users/rpmar/IronHealth-master/node_modules/@vitest/expect/dist/index.js:1156:15)\n    at Proxy.methodWrapper (file:///C:/Users/rpmar/IronHealth-master/node_modules/chai/index.js:1700:25)\n    at C:/Users/rpmar/IronHealth-master/src/utils/haptics.test.js:25:25\n    at file:///C:/Users/rpmar/IronHealth-master/node_modules/@vitest/runner/dist/chunk-artifact.js:302:11\n    at file:///C:/Users/rpmar/IronHealth-master/node_modules/@vitest/runner/dist/chunk-artifact.js:1903:26\n    at file:///C:/Users/rpmar/IronHealth-master/node_modules/@vitest/runner/dist/chunk-artifact.js:2326:20\n    at new Promise (<anonymous>)\n    at runWithCancel (file:///C:/Users/rpmar/IronHealth-master/node_modules/@vitest/runner/dist/chunk-artifact.js:2323:10)\n    at file:///C:/Users/rpmar/IronHealth-master/node_modules/@vitest/runner/dist/chunk-artifact.js:2305:20"],"meta":{},"tags":[]},{"ancestorTitles":["haptics utility"],"fullName":"haptics utility triggerHaptic calls navigator.vibrate with pattern","status":"passed","title":"triggerHaptic calls navigator.vibrate with pattern","duration":0.3968999999999596,"failureMessages":[],"meta":{},"tags":[]},{"ancestorTitles":["haptics utility"],"fullName":"haptics utility handles missing navigator.vibrate gracefully without throwing","status":"passed","title":"handles missing navigator.vibrate gracefully without throwing","duration":0.549199999999928,"failureMessages":[],"meta":{},"tags":[]},{"ancestorTitles":["useCarouselHaptics hook"],"fullName":"useCarouselHaptics hook triggers haptic on scrollTo and updates scroll position","status":"failed","title":"triggers haptic on scrollTo and updates scroll position","duration":18.81970000000001,"failureMessages":["AssertionError: expected \"vi.fn()\" to be called with arguments: [ 15 ]\u001b[90m\n\nReceived:\n\n\u001b[1m  1st vi.fn() call:\n\n\u001b[22m\u001b[2m  [\u001b[22m\n\u001b[32m-   15,\u001b[90m\n\u001b[31m+   30,\u001b[90m\n\u001b[2m  ]\u001b[22m\n\u001b[39m\u001b[90m\n\nNumber of calls: \u001b[1m1\u001b[22m\n\u001b[39m\n    at Proxy.<anonymous> (file:///C:/Users/rpmar/IronHealth-master/node_modules/@vitest/expect/dist/index.js:1487:10)\n    at Proxy.<anonymous> (file:///C:/Users/rpmar/IronHealth-master/node_modules/@vitest/expect/dist/index.js:1156:15)\n    at Proxy.methodWrapper (file:///C:/Users/rpmar/IronHealth-master/node_modules/chai/index.js:1700:25)\n    at C:/Users/rpmar/IronHealth-master/src/utils/haptics.test.js:62:25\n    at file:///C:/Users/rpmar/IronHealth-master/node_modules/@vitest/runner/dist/chunk-artifact.js:302:11\n    at file:///C:/Users/rpmar/IronHealth-master/node_modules/@vitest/runner/dist/chunk-artifact.js:1903:26\n    at file:///C:/Users/rpmar/IronHealth-master/node_modules/@vitest/runner/dist/chunk-artifact.js:2326:20\n    at new Promise (<anonymous>)\n    at runWithCancel (file:///C:/Users/rpmar/IronHealth-master/node_modules/@vitest/runner/dist/chunk-artifact.js:2323:10)\n    at file:///C:/Users/rpmar/IronHealth-master/node_modules/@vitest/runner/dist/chunk-artifact.js:2305:20"],"meta":{},"tags":[]},{"ancestorTitles":["useCarouselHaptics hook"],"fullName":"useCarouselHaptics hook triggers haptic on touchmove when index changes","status":"failed","title":"triggers haptic on touchmove when index changes","duration":2.182700000000068,"failureMessages":["AssertionError: expected \"vi.fn()\" to be called with arguments: [ 15 ]\u001b[90m\n\nReceived:\n\n\u001b[1m  1st vi.fn() call:\n\n\u001b[22m\u001b[2m  [\u001b[22m\n\u001b[32m-   15,\u001b[90m\n\u001b[31m+   30,\u001b[90m\n\u001b[2m  ]\u001b[22m\n\u001b[39m\u001b[90m\n\nNumber of calls: \u001b[1m1\u001b[22m\n\u001b[39m\n    at Proxy.<anonymous> (file:///C:/Users/rpmar/IronHealth-master/node_modules/@vitest/expect/dist/index.js:1487:10)\n    at Proxy.<anonymous> (file:///C:/Users/rpmar/IronHealth-master/node_modules/@vitest/expect/dist/index.js:1156:15)\n    at Proxy.methodWrapper (file:///C:/Users/rpmar/IronHealth-master/node_modules/chai/index.js:1700:25)\n    at C:/Users/rpmar/IronHealth-master/src/utils/haptics.test.js:85:25\n    at file:///C:/Users/rpmar/IronHealth-master/node_modules/@vitest/runner/dist/chunk-artifact.js:302:11\n    at file:///C:/Users/rpmar/IronHealth-master/node_modules/@vitest/runner/dist/chunk-artifact.js:1903:26\n    at file:///C:/Users/rpmar/IronHealth-master/node_modules/@vitest/runner/dist/chunk-artifact.js:2326:20\n    at new Promise (<anonymous>)\n    at runWithCancel (file:///C:/Users/rpmar/IronHealth-master/node_modules/@vitest/runner/dist/chunk-artifact.js:2323:10)\n    at file:///C:/Users/rpmar/IronHealth-master/node_modules/@vitest/runner/dist/chunk-artifact.js:2305:20"],"meta":{},"tags":[]}],"startTime":1786756244364,"endTime":1786756244392.1826,"status":"failed","message":"","name":"C:/Users/rpmar/IronHealth-master/src/utils/haptics.test.js"},{"assertionResults":[{"ancestorTitles":["dayNutrientStatus"],"fullName":"dayNutrientStatus devolve \"none\" quando o dia não tem refeições","status":"passed","title":"devolve \"none\" quando o dia não tem refeições","duration":1.310399999999845,"failureMessages":[],"meta":{},"tags":[]},{"ancestorTitles":["dayNutrientStatus"],"fullName":"dayNutrientStatus devolve \"ok\" com as três macros dentro da meta e a proteína cumprida","status":"passed","title":"devolve \"ok\" com as três macros dentro da meta e a proteína cumprida","duration":0.19880000000011933,"failureMessages":[],"meta":{},"tags":[]},{"ancestorTitles":["dayNutrientStatus"],"fullName":"dayNutrientStatus soma várias refeições do mesmo dia","status":"passed","title":"soma várias refeições do mesmo dia","duration":0.125,"failureMessages":[],"meta":{},"tags":[]},{"ancestorTitles":["dayNutrientStatus"],"fullName":"dayNutrientStatus devolve \"over\" quando excede calorias","status":"passed","title":"devolve \"over\" quando excede calorias","duration":0.11540000000013606,"failureMessages":[],"meta":{},"tags":[]},{"ancestorTitles":["dayNutrientStatus"],"fullName":"dayNutrientStatus devolve \"over\" quando excede hidratos","status":"passed","title":"devolve \"over\" quando excede hidratos","duration":0.07540000000017244,"failureMessages":[],"meta":{},"tags":[]},{"ancestorTitles":["dayNutrientStatus"],"fullName":"dayNutrientStatus devolve \"over\" quando excede gordura","status":"passed","title":"devolve \"over\" quando excede gordura","duration":0.07310000000006767,"failureMessages":[],"meta":{},"tags":[]},{"ancestorTitles":["dayNutrientStatus"],"fullName":"dayNutrientStatus devolve \"over\" quando a proteína fica abaixo da meta","status":"passed","title":"devolve \"over\" quando a proteína fica abaixo da meta","duration":0.08639999999968495,"failureMessages":[],"meta":{},"tags":[]},{"ancestorTitles":["dayNutrientStatus"],"fullName":"dayNutrientStatus trata igualar a meta como cumprido, não como excedido","status":"passed","title":"trata igualar a meta como cumprido, não como excedido","duration":0.10289999999986321,"failureMessages":[],"meta":{},"tags":[]},{"ancestorTitles":["dayNutrientStatus"],"fullName":"dayNutrientStatus não marca \"over\" por macros sem meta definida","status":"passed","title":"não marca \"over\" por macros sem meta definida","duration":0.14969999999993888,"failureMessages":[],"meta":{},"tags":[]},{"ancestorTitles":["dayNutrientStatus"],"fullName":"dayNutrientStatus aplica só as metas que estão definidas","status":"passed","title":"aplica só as metas que estão definidas","duration":0.13679999999976644,"failureMessages":[],"meta":{},"tags":[]},{"ancestorTitles":["dayNutrientStatus"],"fullName":"dayNutrientStatus não marca \"over\" por calorias/hidratos num dia de longão do plano","status":"passed","title":"não marca \"over\" por calorias/hidratos num dia de longão do plano","duration":0.104200000000219,"failureMessages":[],"meta":{},"tags":[]},{"ancestorTitles":["dayNutrientStatus"],"fullName":"dayNutrientStatus continua a marcar \"over\" por gordura mesmo em dia de longão","status":"passed","title":"continua a marcar \"over\" por gordura mesmo em dia de longão","duration":0.07240000000001601,"failureMessages":[],"meta":{},"tags":[]},{"ancestorTitles":["dayNutrientStatus"],"fullName":"dayNutrientStatus sem plano, comportamento é idêntico ao de antes (planItems omitido)","status":"passed","title":"sem plano, comportamento é idêntico ao de antes (planItems omitido)","duration":0.05289999999968131,"failureMessages":[],"meta":{},"tags":[]},{"ancestorTitles":["planAffectsDay"],"fullName":"planAffectsDay true para um treino longo pendente nesse dia","status":"passed","title":"true para um treino longo pendente nesse dia","duration":0.09310000000004948,"failureMessages":[],"meta":{},"tags":[]},{"ancestorTitles":["planAffectsDay"],"fullName":"planAffectsDay true por distância ≥15km mesmo sem training_type \"longo\"","status":"passed","title":"true por distância ≥15km mesmo sem training_type \"longo\"","duration":0.07790000000022701,"failureMessages":[],"meta":{},"tags":[]},{"ancestorTitles":["planAffectsDay"],"fullName":"planAffectsDay false para distância curta que não seja marcada como longo","status":"passed","title":"false para distância curta que não seja marcada como longo","duration":0.049399999999877764,"failureMessages":[],"meta":{},"tags":[]},{"ancestorTitles":["planAffectsDay"],"fullName":"planAffectsDay usa actual_date quando o item já foi concluído, não planned_date","status":"passed","title":"usa actual_date quando o item já foi concluído, não planned_date","duration":0.06660000000010768,"failureMessages":[],"meta":{},"tags":[]},{"ancestorTitles":["planAffectsDay"],"fullName":"planAffectsDay ignora itens cancelados","status":"passed","title":"ignora itens cancelados","duration":0.04250000000001819,"failureMessages":[],"meta":{},"tags":[]},{"ancestorTitles":["planAffectsDay"],"fullName":"planAffectsDay ignora itens de ginásio","status":"passed","title":"ignora itens de ginásio","duration":0.06259999999974752,"failureMessages":[],"meta":{},"tags":[]},{"ancestorTitles":["planAffectsDay"],"fullName":"planAffectsDay false sem itens ou plano indefinido","status":"passed","title":"false sem itens ou plano indefinido","duration":0.06529999999975189,"failureMessages":[],"meta":{},"tags":[]},{"ancestorTitles":["dayWaterGoalMet"],"fullName":"dayWaterGoalMet é falso quando o dia não tem registos","status":"passed","title":"é falso quando o dia não tem registos","duration":0.12039999999979045,"failureMessages":[],"meta":{},"tags":[]},{"ancestorTitles":["dayWaterGoalMet"],"fullName":"dayWaterGoalMet soma os registos do dia e compara com a meta","status":"passed","title":"soma os registos do dia e compara com a meta","duration":0.055499999999938154,"failureMessages":[],"meta":{},"tags":[]},{"ancestorTitles":["dayWaterGoalMet"],"fullName":"dayWaterGoalMet é falso quando a soma fica abaixo da meta","status":"passed","title":"é falso quando a soma fica abaixo da meta","duration":0.04289999999991778,"failureMessages":[],"meta":{},"tags":[]},{"ancestorTitles":["dayWaterGoalMet"],"fullName":"dayWaterGoalMet igualar a meta conta como atingida","status":"passed","title":"igualar a meta conta como atingida","duration":0.05079999999998108,"failureMessages":[],"meta":{},"tags":[]},{"ancestorTitles":["dayWaterGoalMet"],"fullName":"dayWaterGoalMet usa 2000 ml por omissão quando o perfil não define meta","status":"passed","title":"usa 2000 ml por omissão quando o perfil não define meta","duration":0.05580000000009022,"failureMessages":[],"meta":{},"tags":[]},{"ancestorTitles":["dayWaterGoalMet"],"fullName":"dayWaterGoalMet ignora registos de outros dias na soma","status":"passed","title":"ignora registos de outros dias na soma","duration":0.04279999999971551,"failureMessages":[],"meta":{},"tags":[]}],"startTime":1786756249883,"endTime":1786756249887.056,"status":"passed","message":"","name":"C:/Users/rpmar/IronHealth-master/src/utils/nutrition.test.js"},{"assertionResults":[{"ancestorTitles":["categorizeDistance"],"fullName":"categorizeDistance 5 km → 5k","status":"passed","title":"5 km → 5k","duration":1.131399999999985,"failureMessages":[],"meta":{},"tags":[]},{"ancestorTitles":["categorizeDistance"],"fullName":"categorizeDistance 5.5 km → 5k (limite)","status":"passed","title":"5.5 km → 5k (limite)","duration":0.11400000000003274,"failureMessages":[],"meta":{},"tags":[]},{"ancestorTitles":["categorizeDistance"],"fullName":"categorizeDistance 8 km → 10k","status":"passed","title":"8 km → 10k","duration":0.09900000000016007,"failureMessages":[],"meta":{},"tags":[]},{"ancestorTitles":["categorizeDistance"],"fullName":"categorizeDistance 10 km → 10k","status":"passed","title":"10 km → 10k","duration":0.09799999999995634,"failureMessages":[],"meta":{},"tags":[]},{"ancestorTitles":["categorizeDistance"],"fullName":"categorizeDistance 21.0975 km → meia","status":"passed","title":"21.0975 km → meia","duration":0.0866000000000895,"failureMessages":[],"meta":{},"tags":[]},{"ancestorTitles":["categorizeDistance"],"fullName":"categorizeDistance 42.195 km → maratona","status":"passed","title":"42.195 km → maratona","duration":0.0804000000000542,"failureMessages":[],"meta":{},"tags":[]},{"ancestorTitles":["categorizeDistance"],"fullName":"categorizeDistance 50 km → maratona (limite)","status":"passed","title":"50 km → maratona (limite)","duration":0.07510000000002037,"failureMessages":[],"meta":{},"tags":[]},{"ancestorTitles":["categorizeDistance"],"fullName":"categorizeDistance 60 km → ultra","status":"passed","title":"60 km → ultra","duration":0.08369999999990796,"failureMessages":[],"meta":{},"tags":[]},{"ancestorTitles":["categorizeDistance"],"fullName":"categorizeDistance 100 km → ultra","status":"passed","title":"100 km → ultra","duration":0.09649999999987813,"failureMessages":[],"meta":{},"tags":[]},{"ancestorTitles":["categorizeDistance"],"fullName":"categorizeDistance null → null","status":"passed","title":"null → null","duration":0.13869999999997162,"failureMessages":[],"meta":{},"tags":[]},{"ancestorTitles":["categorizeDistance"],"fullName":"categorizeDistance NaN → null","status":"passed","title":"NaN → null","duration":0.07280000000014297,"failureMessages":[],"meta":{},"tags":[]},{"ancestorTitles":["recentWeeklyVolume"],"fullName":"recentWeeklyVolume devolve 0 com lista vazia","status":"passed","title":"devolve 0 com lista vazia","duration":0.11239999999997963,"failureMessages":[],"meta":{},"tags":[]},{"ancestorTitles":["recentWeeklyVolume"],"fullName":"recentWeeklyVolume devolve 0 com null","status":"passed","title":"devolve 0 com null","duration":0.051899999999932334,"failureMessages":[],"meta":{},"tags":[]},{"ancestorTitles":["recentWeeklyVolume"],"fullName":"recentWeeklyVolume soma as corridas das últimas 4 semanas e divide por 4","status":"passed","title":"soma as corridas das últimas 4 semanas e divide por 4","duration":0.10850000000004911,"failureMessages":[],"meta":{},"tags":[]},{"ancestorTitles":["recentWeeklyVolume"],"fullName":"recentWeeklyVolume exclui corridas fora da janela de 4 semanas","status":"passed","title":"exclui corridas fora da janela de 4 semanas","duration":0.05899999999996908,"failureMessages":[],"meta":{},"tags":[]},{"ancestorTitles":["recentWeeklyVolume"],"fullName":"recentWeeklyVolume aceita janela personalizada","status":"passed","title":"aceita janela personalizada","duration":0.08760000000006585,"failureMessages":[],"meta":{},"tags":[]},{"ancestorTitles":["assessRaceViability"],"fullName":"assessRaceViability viável quando tudo está OK","status":"passed","title":"viável quando tudo está OK","duration":0.6453000000001339,"failureMessages":[],"meta":{},"tags":[]},{"ancestorTitles":["assessRaceViability"],"fullName":"assessRaceViability não avalia provas já passadas (weeksToRace <= 0)","status":"passed","title":"não avalia provas já passadas (weeksToRace <= 0)","duration":0.07439999999996871,"failureMessages":[],"meta":{},"tags":[]},{"ancestorTitles":["assessRaceViability"],"fullName":"assessRaceViability não avalia quando o nível é desconhecido","status":"passed","title":"não avalia quando o nível é desconhecido","duration":0.047499999999899956,"failureMessages":[],"meta":{},"tags":[]},{"ancestorTitles":["assessRaceViability"],"fullName":"assessRaceViability não avalia quando a distância é desconhecida","status":"passed","title":"não avalia quando a distância é desconhecida","duration":0.049500000000080036,"failureMessages":[],"meta":{},"tags":[]},{"ancestorTitles":["assessRaceViability"],"fullName":"assessRaceViability flag ultra_para_iniciante quando iniciante tenta ultra","status":"passed","title":"flag ultra_para_iniciante quando iniciante tenta ultra","duration":0.22590000000013788,"failureMessages":[],"meta":{},"tags":[]},{"ancestorTitles":["assessRaceViability"],"fullName":"assessRaceViability ultra para básico é avaliado normalmente (sem flag especial)","status":"passed","title":"ultra para básico é avaliado normalmente (sem flag especial)","duration":0.1593000000000302,"failureMessages":[],"meta":{},"tags":[]},{"ancestorTitles":["assessRaceViability"],"fullName":"assessRaceViability flag tempo_insuficiente quando faltam menos semanas do que o mínimo","status":"passed","title":"flag tempo_insuficiente quando faltam menos semanas do que o mínimo","duration":0.10149999999998727,"failureMessages":[],"meta":{},"tags":[]},{"ancestorTitles":["assessRaceViability"],"fullName":"assessRaceViability sem tempo_insuficiente exatamente no limite mínimo","status":"passed","title":"sem tempo_insuficiente exatamente no limite mínimo","duration":0.0724999999999909,"failureMessages":[],"meta":{},"tags":[]},{"ancestorTitles":["assessRaceViability"],"fullName":"assessRaceViability avançado precisa de menos semanas (meia: 8)","status":"passed","title":"avançado precisa de menos semanas (meia: 8)","duration":0.06340000000000146,"failureMessages":[],"meta":{},"tags":[]},{"ancestorTitles":["assessRaceViability"],"fullName":"assessRaceViability flag volume_insuficiente quando a média semanal está abaixo do pré-requisito","status":"passed","title":"flag volume_insuficiente quando a média semanal está abaixo do pré-requisito","duration":0.07519999999999527,"failureMessages":[],"meta":{},"tags":[]},{"ancestorTitles":["assessRaceViability"],"fullName":"assessRaceViability sem volume_insuficiente exatamente no mínimo","status":"passed","title":"sem volume_insuficiente exatamente no mínimo","duration":0.06559999999990396,"failureMessages":[],"meta":{},"tags":[]},{"ancestorTitles":["assessRaceViability"],"fullName":"assessRaceViability sem volume_insuficiente quando weeklyVolumeKm é null (sem dados de corrida)","status":"passed","title":"sem volume_insuficiente quando weeklyVolumeKm é null (sem dados de corrida)","duration":0.0682000000001608,"failureMessages":[],"meta":{},"tags":[]},{"ancestorTitles":["assessRaceViability"],"fullName":"assessRaceViability pode ter tempo E volume insuficientes ao mesmo tempo","status":"passed","title":"pode ter tempo E volume insuficientes ao mesmo tempo","duration":0.12740000000007967,"failureMessages":[],"meta":{},"tags":[]},{"ancestorTitles":["assessRaceViability"],"fullName":"assessRaceViability MIN_PREP_WEEKS tem entradas para os 4 níveis × 5 distâncias","status":"passed","title":"MIN_PREP_WEEKS tem entradas para os 4 níveis × 5 distâncias","duration":0.3867000000000189,"failureMessages":[],"meta":{},"tags":[]},{"ancestorTitles":["assessRaceViability"],"fullName":"assessRaceViability MIN_VOLUME_KM tem entradas para os 4 níveis × 5 distâncias","status":"passed","title":"MIN_VOLUME_KM tem entradas para os 4 níveis × 5 distâncias","duration":0.27539999999999054,"failureMessages":[],"meta":{},"tags":[]},{"ancestorTitles":["assessRaceViability"],"fullName":"assessRaceViability ultra para iniciante tem min weeks null (desaconselhado, não \"impossível com X semanas\")","status":"passed","title":"ultra para iniciante tem min weeks null (desaconselhado, não \"impossível com X semanas\")","duration":0.04140000000006694,"failureMessages":[],"meta":{},"tags":[]}],"startTime":1786756248674,"endTime":1786756248680.2754,"status":"passed","message":"","name":"C:/Users/rpmar/IronHealth-master/src/utils/raceViability.test.js"},{"assertionResults":[{"ancestorTitles":["parsePaceToSeconds"],"fullName":"parsePaceToSeconds aceita ponto, vírgula e dois-pontos como separador","status":"passed","title":"aceita ponto, vírgula e dois-pontos como separador","duration":1.2884000000001379,"failureMessages":[],"meta":{},"tags":[]},{"ancestorTitles":["parsePaceToSeconds"],"fullName":"parsePaceToSeconds trata a parte decimal como segundos, não como fração de minuto","status":"passed","title":"trata a parte decimal como segundos, não como fração de minuto","duration":6.169199999999819,"failureMessages":[],"meta":{},"tags":[]},{"ancestorTitles":["parsePaceToSeconds"],"fullName":"parsePaceToSeconds completa uma só casa para dezenas de segundos","status":"passed","title":"completa uma só casa para dezenas de segundos","duration":0.19890000000009422,"failureMessages":[],"meta":{},"tags":[]},{"ancestorTitles":["parsePaceToSeconds"],"fullName":"parsePaceToSeconds aceita só minutos","status":"passed","title":"aceita só minutos","duration":0.1043000000001939,"failureMessages":[],"meta":{},"tags":[]},{"ancestorTitles":["parsePaceToSeconds"],"fullName":"parsePaceToSeconds devolve null para entradas inválidas","status":"passed","title":"devolve null para entradas inválidas","duration":0.17689999999993233,"failureMessages":[],"meta":{},"tags":[]},{"ancestorTitles":["formatPace"],"fullName":"formatPace apresenta sempre com ponto, segundos a dois dígitos","status":"passed","title":"apresenta sempre com ponto, segundos a dois dígitos","duration":0.1510000000000673,"failureMessages":[],"meta":{},"tags":[]},{"ancestorTitles":["formatPace"],"fullName":"formatPace é o inverso de parsePaceToSeconds","status":"passed","title":"é o inverso de parsePaceToSeconds","duration":0.14979999999991378,"failureMessages":[],"meta":{},"tags":[]},{"ancestorTitles":["formatPace"],"fullName":"formatPace devolve vazio quando não há ritmo","status":"passed","title":"devolve vazio quando não há ritmo","duration":0.09629999999992833,"failureMessages":[],"meta":{},"tags":[]},{"ancestorTitles":["parseDurationToSeconds"],"fullName":"parseDurationToSeconds lê hh:mm:ss e mm:ss","status":"passed","title":"lê hh:mm:ss e mm:ss","duration":0.1592000000000553,"failureMessages":[],"meta":{},"tags":[]},{"ancestorTitles":["parseDurationToSeconds"],"fullName":"parseDurationToSeconds lê minutos com sufixo m","status":"passed","title":"lê minutos com sufixo m","duration":0.1391000000000986,"failureMessages":[],"meta":{},"tags":[]},{"ancestorTitles":["RACE_TERRAIN_TYPES"],"fullName":"RACE_TERRAIN_TYPES só usa chaves aceites pela base de dados","status":"passed","title":"só usa chaves aceites pela base de dados","duration":0.6521000000000186,"failureMessages":[],"meta":{},"tags":[]},{"ancestorTitles":["RACE_PRIORITIES"],"fullName":"RACE_PRIORITIES só usa chaves aceites pela base de dados","status":"passed","title":"só usa chaves aceites pela base de dados","duration":0.21250000000009095,"failureMessages":[],"meta":{},"tags":[]},{"ancestorTitles":["RACE_PRIORITIES"],"fullName":"RACE_PRIORITIES tem etiqueta e descrição em todas — a UI mostra as duas","status":"passed","title":"tem etiqueta e descrição em todas — a UI mostra as duas","duration":0.1651000000001659,"failureMessages":[],"meta":{},"tags":[]},{"ancestorTitles":["RACE_PRIORITIES"],"fullName":"RACE_PRIORITIES a omissão da BD (a) existe na lista","status":"passed","title":"a omissão da BD (a) existe na lista","duration":0.049500000000080036,"failureMessages":[],"meta":{},"tags":[]},{"ancestorTitles":["raceDistanceLabel"],"fullName":"raceDistanceLabel dá o nome próprio às distâncias oficiais de meia/maratona","status":"passed","title":"dá o nome próprio às distâncias oficiais de meia/maratona","duration":0.08809999999994034,"failureMessages":[],"meta":{},"tags":[]},{"ancestorTitles":["raceDistanceLabel"],"fullName":"raceDistanceLabel mostra \"X km\" para as restantes distâncias fixas","status":"passed","title":"mostra \"X km\" para as restantes distâncias fixas","duration":0.16160000000013497,"failureMessages":[],"meta":{},"tags":[]},{"ancestorTitles":["raceDistanceLabel"],"fullName":"raceDistanceLabel cai para \"X km\" numa distância fora da lista fixa","status":"passed","title":"cai para \"X km\" numa distância fora da lista fixa","duration":0.04469999999992069,"failureMessages":[],"meta":{},"tags":[]},{"ancestorTitles":["raceDistanceLabel"],"fullName":"raceDistanceLabel devolve vazio sem distância","status":"passed","title":"devolve vazio sem distância","duration":0.039099999999962165,"failureMessages":[],"meta":{},"tags":[]}],"startTime":1786756248690,"endTime":1786756248700.165,"status":"passed","message":"","name":"C:/Users/rpmar/IronHealth-master/src/utils/run.test.js"},{"assertionResults":[{"ancestorTitles":["BodyRegistration — cartão único: alternar entre Foto e Manual"],"fullName":"BodyRegistration — cartão único: alternar entre Foto e Manual mostra o upload de fotos por omissão e esconde os campos manuais","status":"passed","title":"mostra o upload de fotos por omissão e esconde os campos manuais","duration":79.9058,"failureMessages":[],"meta":{},"tags":[]},{"ancestorTitles":["BodyRegistration — cartão único: alternar entre Foto e Manual"],"fullName":"BodyRegistration — cartão único: alternar entre Foto e Manual ao escolher Manual, esconde o upload e mostra os campos de métricas","status":"passed","title":"ao escolher Manual, esconde o upload e mostra os campos de métricas","duration":140.65710000000036,"failureMessages":[],"meta":{},"tags":[]},{"ancestorTitles":["BodyRegistration — Analisar Avaliação por foto (analyze-body)"],"fullName":"BodyRegistration — Analisar Avaliação por foto (analyze-body) envia o payload correto (imagens, data, observações)","status":"passed","title":"envia o payload correto (imagens, data, observações)","duration":59.07009999999991,"failureMessages":[],"meta":{},"tags":[]},{"ancestorTitles":["BodyRegistration — Analisar Avaliação por foto (analyze-body)"],"fullName":"BodyRegistration — Analisar Avaliação por foto (analyze-body) acrescenta a avaliação devolvida (já com ai_summary) ao store e fecha o formulário","status":"passed","title":"acrescenta a avaliação devolvida (já com ai_summary) ao store e fecha o formulário","duration":61.797399999999925,"failureMessages":[],"meta":{},"tags":[]},{"ancestorTitles":["BodyRegistration — Analisar Avaliação por foto (analyze-body)"],"fullName":"BodyRegistration — Analisar Avaliação por foto (analyze-body) mostra o erro da Edge Function e não fecha o formulário","status":"passed","title":"mostra o erro da Edge Function e não fecha o formulário","duration":63.5300000000002,"failureMessages":[],"meta":{},"tags":[]},{"ancestorTitles":["BodyRegistration — registo manual também passa pelo Coach (analyze-body, modo manual)"],"fullName":"BodyRegistration — registo manual também passa pelo Coach (analyze-body, modo manual) envia o registo manual para analyze-body em modo manual, sem imagens","status":"passed","title":"envia o registo manual para analyze-body em modo manual, sem imagens","duration":50.8149999999996,"failureMessages":[],"meta":{},"tags":[]},{"ancestorTitles":["BodyRegistration — registo manual também passa pelo Coach (analyze-body, modo manual)"],"fullName":"BodyRegistration — registo manual também passa pelo Coach (analyze-body, modo manual) acrescenta a avaliação devolvida (já com ai_summary) ao store e fecha o formulário","status":"passed","title":"acrescenta a avaliação devolvida (já com ai_summary) ao store e fecha o formulário","duration":37.30139999999983,"failureMessages":[],"meta":{},"tags":[]},{"ancestorTitles":["BodyRegistration — registo manual também passa pelo Coach (analyze-body, modo manual)"],"fullName":"BodyRegistration — registo manual também passa pelo Coach (analyze-body, modo manual) mostra o erro da Edge Function e não fecha o formulário","status":"passed","title":"mostra o erro da Edge Function e não fecha o formulário","duration":70.34479999999985,"failureMessages":[],"meta":{},"tags":[]},{"ancestorTitles":["BodyRegistration — editar avaliação existente"],"fullName":"BodyRegistration — editar avaliação existente pré-preenche os campos e esconde o seletor Foto/Manual","status":"passed","title":"pré-preenche os campos e esconde o seletor Foto/Manual","duration":24.195200000000114,"failureMessages":[],"meta":{},"tags":[]},{"ancestorTitles":["BodyRegistration — editar avaliação existente"],"fullName":"BodyRegistration — editar avaliação existente mudar uma métrica passa pelo Coach e regenera o resumo","status":"passed","title":"mudar uma métrica passa pelo Coach e regenera o resumo","duration":46.560599999999795,"failureMessages":[],"meta":{},"tags":[]},{"ancestorTitles":["BodyRegistration — editar avaliação existente"],"fullName":"BodyRegistration — editar avaliação existente mudar só as observações também passa pelo Coach","status":"passed","title":"mudar só as observações também passa pelo Coach","duration":29.771900000000187,"failureMessages":[],"meta":{},"tags":[]},{"ancestorTitles":["BodyRegistration — editar avaliação existente"],"fullName":"BodyRegistration — editar avaliação existente mudar só a data faz update direto, sem chamar o Gemini","status":"passed","title":"mudar só a data faz update direto, sem chamar o Gemini","duration":43.67619999999988,"failureMessages":[],"meta":{},"tags":[]},{"ancestorTitles":["BodyRegistration — editar avaliação existente"],"fullName":"BodyRegistration — editar avaliação existente um erro do Coach não fecha o formulário nem perde as alterações","status":"passed","title":"um erro do Coach não fecha o formulário nem perde as alterações","duration":45.62620000000015,"failureMessages":[],"meta":{},"tags":[]}],"startTime":1786756245726,"endTime":1786756246479.6262,"status":"passed","message":"","name":"C:/Users/rpmar/IronHealth-master/src/components/Body/BodyRegistration.test.jsx"},{"assertionResults":[{"ancestorTitles":["PlanProposalBottomSheet"],"fullName":"PlanProposalBottomSheet não renderiza nada se não houver nem plano nem proposta de objetivos","status":"passed","title":"não renderiza nada se não houver nem plano nem proposta de objetivos","duration":9.071999999999889,"failureMessages":[],"meta":{},"tags":[]},{"ancestorTitles":["PlanProposalBottomSheet"],"fullName":"PlanProposalBottomSheet renderiza proposta de plano com botão de aceitar plano","status":"passed","title":"renderiza proposta de plano com botão de aceitar plano","duration":308.28780000000006,"failureMessages":[],"meta":{},"tags":[]},{"ancestorTitles":["PlanProposalBottomSheet"],"fullName":"PlanProposalBottomSheet renderiza proposta de alteração de objetivos independente","status":"passed","title":"renderiza proposta de alteração de objetivos independente","duration":19.081100000000106,"failureMessages":[],"meta":{},"tags":[]},{"ancestorTitles":["PlanProposalBottomSheet"],"fullName":"PlanProposalBottomSheet fecha o modal com animação ao clicar no botão de cruz (X)","status":"passed","title":"fecha o modal com animação ao clicar no botão de cruz (X)","duration":596.0426999999997,"failureMessages":[],"meta":{},"tags":[]},{"ancestorTitles":["PlanProposalBottomSheet"],"fullName":"PlanProposalBottomSheet fecha o modal com animação ao clicar na pega de arrasto","status":"passed","title":"fecha o modal com animação ao clicar na pega de arrasto","duration":604.0422999999996,"failureMessages":[],"meta":{},"tags":[]}],"startTime":1786756244518,"endTime":1786756246055.0422,"status":"passed","message":"","name":"C:/Users/rpmar/IronHealth-master/src/components/Coach/PlanProposalBottomSheet.test.jsx"},{"assertionResults":[{"ancestorTitles":["MuscleAnatomy2D"],"fullName":"MuscleAnatomy2D renders without crashing","status":"passed","title":"renders without crashing","duration":28.427999999999884,"failureMessages":[],"meta":{},"tags":[]}],"startTime":1786756247392,"endTime":1786756247420.428,"status":"passed","message":"","name":"C:/Users/rpmar/IronHealth-master/src/components/GraphicsLibrary/MuscleAnatomy2D.test.jsx"},{"assertionResults":[{"ancestorTitles":["CoachDailySummaryCard"],"fullName":"CoachDailySummaryCard pede o resumo ao montar, com reload — não force","status":"passed","title":"pede o resumo ao montar, com reload — não force","duration":19.509199999999964,"failureMessages":[],"meta":{},"tags":[]},{"ancestorTitles":["CoachDailySummaryCard"],"fullName":"CoachDailySummaryCard mostra o estado vazio quando não há resumo nem mensagens","status":"passed","title":"mostra o estado vazio quando não há resumo nem mensagens","duration":11.642700000000332,"failureMessages":[],"meta":{},"tags":[]},{"ancestorTitles":["CoachDailySummaryCard"],"fullName":"CoachDailySummaryCard mostra a mensagem única quando só um campo vem preenchido","status":"passed","title":"mostra a mensagem única quando só um campo vem preenchido","duration":60.931800000000294,"failureMessages":[],"meta":{},"tags":[]},{"ancestorTitles":["CoachDailySummaryCard"],"fullName":"CoachDailySummaryCard navega entre mensagens pelos botões seguinte/anterior","status":"failed","title":"navega entre mensagens pelos botões seguinte/anterior","duration":19.094700000000103,"failureMessages":["TestingLibraryElementError: Unable to find a label with the text of: Próxima mensagem\n\nIgnored nodes: comments, script, style\n\u001b[36m<body>\u001b[39m\n  \u001b[36m<div>\u001b[39m\n    \u001b[36m<div\u001b[39m\n      \u001b[33mclass\u001b[39m=\u001b[32m\"w-full flex flex-col gap-3\"\u001b[39m\n    \u001b[36m>\u001b[39m\n      \u001b[36m<div\u001b[39m\n        \u001b[33mclass\u001b[39m=\u001b[32m\"cds-card w-full\"\u001b[39m\n      \u001b[36m>\u001b[39m\n        \u001b[36m<div\u001b[39m\n          \u001b[33mclass\u001b[39m=\u001b[32m\"cds-glow\"\u001b[39m\n        \u001b[36m/>\u001b[39m\n        \u001b[36m<div\u001b[39m\n          \u001b[33mclass\u001b[39m=\u001b[32m\"cds-header\"\u001b[39m\n        \u001b[36m>\u001b[39m\n          \u001b[36m<span\u001b[39m\n            \u001b[33mclass\u001b[39m=\u001b[32m\"cds-lbl\"\u001b[39m\n          \u001b[36m>\u001b[39m\n            \u001b[36m<svg\u001b[39m\n              \u001b[33maria-hidden\u001b[39m=\u001b[32m\"true\"\u001b[39m\n              \u001b[33mclass\u001b[39m=\u001b[32m\"lucide lucide-sparkles\"\u001b[39m\n              \u001b[33mfill\u001b[39m=\u001b[32m\"none\"\u001b[39m\n              \u001b[33mheight\u001b[39m=\u001b[32m\"12\"\u001b[39m\n              \u001b[33mstroke\u001b[39m=\u001b[32m\"currentColor\"\u001b[39m\n              \u001b[33mstroke-linecap\u001b[39m=\u001b[32m\"round\"\u001b[39m\n              \u001b[33mstroke-linejoin\u001b[39m=\u001b[32m\"round\"\u001b[39m\n              \u001b[33mstroke-width\u001b[39m=\u001b[32m\"2\"\u001b[39m\n              \u001b[33mviewBox\u001b[39m=\u001b[32m\"0 0 24 24\"\u001b[39m\n              \u001b[33mwidth\u001b[39m=\u001b[32m\"12\"\u001b[39m\n              \u001b[33mxmlns\u001b[39m=\u001b[32m\"http://www.w3.org/2000/svg\"\u001b[39m\n            \u001b[36m>\u001b[39m\n              \u001b[36m<path\u001b[39m\n                \u001b[33md\u001b[39m=\u001b[32m\"M11.017 2.814a1 1 0 0 1 1.966 0l1.051 5.558a2 2 0 0 0 1.594 1.594l5.558 1.051a1 1 0 0 1 0 1.966l-5.558 1.051a2 2 0 0 0-1.594 1.594l-1.051 5.558a1 1 0 0 1-1.966 0l-1.051-5.558a2 2 0 0 0-1.594-1.594l-5.558-1.051a1 1 0 0 1 0-1.966l5.558-1.051a2 2 0 0 0 1.594-1.594z\"\u001b[39m\n              \u001b[36m/>\u001b[39m\n              \u001b[36m<path\u001b[39m\n                \u001b[33md\u001b[39m=\u001b[32m\"M20 2v4\"\u001b[39m\n              \u001b[36m/>\u001b[39m\n              \u001b[36m<path\u001b[39m\n                \u001b[33md\u001b[39m=\u001b[32m\"M22 4h-4\"\u001b[39m\n              \u001b[36m/>\u001b[39m\n              \u001b[36m<circle\u001b[39m\n                \u001b[33mcx\u001b[39m=\u001b[32m\"4\"\u001b[39m\n                \u001b[33mcy\u001b[39m=\u001b[32m\"20\"\u001b[39m\n                \u001b[33mr\u001b[39m=\u001b[32m\"2\"\u001b[39m\n              \u001b[36m/>\u001b[39m\n            \u001b[36m</svg>\u001b[39m\n            \u001b[0m Resumo do Coach\u001b[0m\n          \u001b[36m</span>\u001b[39m\n          \u001b[36m<button\u001b[39m\n            \u001b[33maria-label\u001b[39m=\u001b[32m\"Atualizar resumo\"\u001b[39m\n            \u001b[33mclass\u001b[39m=\u001b[32m\"cds-refresh shrink-0\"\u001b[39m\n            \u001b[33mdata-spinning\u001b[39m=\u001b[32m\"false\"\u001b[39m\n            \u001b[33mtype\u001b[39m=\u001b[32m\"button\"\u001b[39m\n          \u001b[36m>\u001b[39m\n            \u001b[36m<svg\u001b[39m\n              \u001b[33maria-hidden\u001b[39m=\u001b[32m\"true\"\u001b[39m\n              \u001b[33mclass\u001b[39m=\u001b[32m\"lucide lucide-refresh-cw\"\u001b[39m\n              \u001b[33mfill\u001b[39m=\u001b[32m\"none\"\u001b[39m\n              \u001b[33mheight\u001b[39m=\u001b[32m\"13\"\u001b[39m\n              \u001b[33mstroke\u001b[39m=\u001b[32m\"currentColor\"\u001b[39m\n              \u001b[33mstroke-linecap\u001b[39m=\u001b[32m\"round\"\u001b[39m\n              \u001b[33mstroke-linejoin\u001b[39m=\u001b[32m\"round\"\u001b[39m\n              \u001b[33mstroke-width\u001b[39m=\u001b[32m\"2\"\u001b[39m\n              \u001b[33mviewBox\u001b[39m=\u001b[32m\"0 0 24 24\"\u001b[39m\n              \u001b[33mwidth\u001b[39m=\u001b[32m\"13\"\u001b[39m\n              \u001b[33mxmlns\u001b[39m=\u001b[32m\"http://www.w3.org/2000/svg\"\u001b[39m\n            \u001b[36m>\u001b[39m\n              \u001b[36m<path\u001b[39m\n                \u001b[33md\u001b[39m=\u001b[32m\"M3 12a9 9 0 0 1 9-9 9.75 9.75 0 0 1 6.74 2.74L21 8\"\u001b[39m\n              \u001b[36m/>\u001b[39m\n              \u001b[36m<path\u001b[39m\n                \u001b[33md\u001b[39m=\u001b[32m\"M21 3v5h-5\"\u001b[39m\n              \u001b[36m/>\u001b[39m\n              \u001b[36m<path\u001b[39m\n                \u001b[33md\u001b[39m=\u001b[32m\"M21 12a9 9 0 0 1-9 9 9.75 9.75 0 0 1-6.74-2.74L3 16\"\u001b[39m\n              \u001b[36m/>\u001b[39m\n              \u001b[36m<path\u001b[39m\n                \u001b[33md\u001b[39m=\u001b[32m\"M8 16H3v5\"\u001b[39m\n              \u001b[36m/>\u001b[39m\n            \u001b[36m</svg>\u001b[39m\n          \u001b[36m</button>\u001b[39m\n        \u001b[36m</div>\u001b[39m\n        \u001b[36m<div\u001b[39m\n          \u001b[33mclass\u001b[39m=\u001b[32m\"cds-body mt-2\"\u001b[39m\n        \u001b[36m>\u001b[39m\n          \u001b[36m<div\u001b[39m\n            \u001b[33mclass\u001b[39m=\u001b[32m\"flex overflow-x-auto snap-x snap-mandatory no-scrollbar\"\u001b[39m\n            \u001b[33mstyle\u001b[39m=\u001b[32m\"scroll-behavior: smooth;\"\u001b[39m\n          \u001b[36m>\u001b[39m\n            \u001b[36m<div\u001b[39m\n              \u001b[33mclass\u001b[39m=\u001b[32m\"w-full shrink-0 snap-center\"\u001b[39m\n            \u001b[36m>\u001b[39m\n              \u001b[36m<div\u001b[39m\n                \u001b[33mclass\u001b[39m=\u001b[32m\"cds-msg\"\u001b[39m\n                \u001b[33mdata-active\u001b[39m=\u001b[32m\"true\"\u001b[39m\n              \u001b[36m>\u001b[39m\n                \u001b[36m<span\u001b[39m\n                  \u001b[33mclass\u001b[39m=\u001b[32m\"cds-msg-icon\"\u001b[39m\n                  \u001b[33mstyle\u001b[39m=\u001b[32m\"background: rgba(14, 116, 144, 0.1); color: rgb(14, 116, 144);\"\u001b[39m\n                \u001b[36m>\u001b[39m\n                  \u001b[36m<svg\u001b[39m\n                    \u001b[33maria-hidden\u001b[39m=\u001b[32m\"true\"\u001b[39m\n                    \u001b[33mclass\u001b[39m=\u001b[32m\"lucide lucide-rotate-ccw-clock\"\u001b[39m\n                    \u001b[33mfill\u001b[39m=\u001b[32m\"none\"\u001b[39m\n                    \u001b[33mheight\u001b[39m=\u001b[32m\"15\"\u001b[39m\n                    \u001b[33mstroke\u001b[39m=\u001b[32m\"currentColor\"\u001b[39m\n                    \u001b[33mstroke-linecap\u001b[39m=\u001b[32m\"round\"\u001b[39m\n                    \u001b[33mstroke-linejoin\u001b[39m=\u001b[32m\"round\"\u001b[39m\n                    \u001b[33mstroke-width\u001b[39m=\u001b[32m\"2\"\u001b[39m\n                    \u001b[33mviewBox\u001b[39m=\u001b[32m\"0 0 24 24\"\u001b[39m\n                    \u001b[33mwidth\u001b[39m=\u001b[32m\"15\"\u001b[39m\n                    \u001b[33mxmlns\u001b[39m=\u001b[32m\"http://www.w3.org/2000/svg\"\u001b[39m\n                  \u001b[36m>\u001b[39m\n                    \u001b[36m<path\u001b[39m\n                      \u001b[33md\u001b[39m=\u001b[32m\"M3 12a9 9 0 1 0 9-9 9.75 9.75 0 0 0-6.74 2.74L3 8\"\u001b[39m\n                    \u001b[36m/>\u001b[39m\n                    \u001b[36m<path\u001b[39m\n                      \u001b[33md\u001b[39m=\u001b[32m\"M3 3v5h5\"\u001b[39m\n                    \u001b[36m/>\u001b[39m\n                    \u001b[36m<path\u001b[39m\n                      \u001b[33md\u001b[39m=\u001b[32m\"M12 7v5l4 2\"\u001b[39m\n                    \u001b[36m/>\u001b[39m\n                  \u001b[36m</svg>\u001b[39m\n                \u001b[36m</span>\u001b[39m\n                \u001b[36m<div\u001b[39m\n                  \u001b[33mclass\u001b[39m=\u001b[32m\"min-w-0\"\u001b[39m\n                \u001b[36m>\u001b[39m\n                  \u001b[36m<p\u001b[39m\n                    \u001b[33mclass\u001b[39m=\u001b[32m\"cds-msg-title\"\u001b[39m\n                    \u001b[33mstyle\u001b[39m=\u001b[32m\"color: rgb(14, 116, 144);\"\u001b[39m\n                  \u001b[36m>\u001b[39m\n                    \u001b[0mRecapitulação\u001b[0m\n                  \u001b[36m</p>\u001b[39m\n                  \u001b[36m<p\u001b[39m\n                    \u001b[33mclass\u001b[39m=\u001b[32m\"cds-msg-text\"\u001b[39m\n                  \u001b[36m>\u001b[39m\n                    \u001b[0mRecapitulação aqui.\u001b[0m\n                  \u001b[36m</p>\u001b[39m\n                \u001b[36m</div>\u001b[39m\n              \u001b[36m</div>\u001b[39m\n            \u001b[36m</div>\u001b[39m\n            \u001b[36m<div\u001b[39m\n              \u001b[33mclass\u001b[39m=\u001b[32m\"w-full shrink-0 snap-center\"\u001b[39m\n            \u001b[36m>\u001b[39m\n              \u001b[36m<div\u001b[39m\n                \u001b[33mclass\u001b[39m=\u001b[32m\"cds-msg\"\u001b[39m\n                \u001b[33mdata-active\u001b[39m=\u001b[32m\"false\"\u001b[39m\n              \u001b[36m>\u001b[39m\n                \u001b[36m<span\u001b[39m\n                  \u001b[33mclass\u001b[39m=\u001b[32m\"cds-msg-icon\"\u001b[39m\n                  \u001b[33mstyle\u001b[39m=\u001b[32m\"background: rgba(180, 83, 9, 0.1); color: rgb(180, 83, 9);\"\u001b[39m\n                \u001b[36m>\u001b[39m\n                  \u001b[36m<svg\u001b[39m\n                    \u001b[33maria-hidden\u001b[39m=\u001b[32m\"true\"\u001b[39m\n                    \u001b[33mclass\u001b[39m=\u001b[32m\"lucide lucide-triangle-alert\"\u001b[39m\n                    \u001b[33mfill\u001b[39m=\u001b[32m\"none\"\u001b[39m\n                    \u001b[33mheight\u001b[39m=\u001b[32m\"15\"\u001b[39m\n                    \u001b[33mstroke\u001b[39m=\u001b[32m\"currentColor\"\u001b[39m\n                    \u001b[33mstroke-linecap\u001b[39m=\u001b[32m\"round\"\u001b[39m\n                    \u001b[33mstroke-linejoin\u001b[39m=\u001b[32m\"round\"\u001b[39m\n                    \u001b[33mstroke-width\u001b[39m=\u001b[32m\"2\"\u001b[39m\n                    \u001b[33mviewBox\u001b[39m=\u001b[32m\"0 0 24 24\"\u001b[39m\n                    \u001b[33mwidth\u001b[39m=\u001b[32m\"15\"\u001b[39m\n                    \u001b[33mxmlns\u001b[39m=\u001b[32m\"http://www.w3.org/2000/svg\"\u001b[39m\n                  \u001b[36m>\u001b[39m\n                    \u001b[36m<path\u001b[39m\n                      \u001b[33md\u001b[39m=\u001b[32m\"m21.73 18-8-14a2 2 0 0 0-3.48 0l-8 14A2 2 0 0 0 4 21h16a2 2 0 0 0 1.73-3\"\u001b[39m\n                    \u001b[36m/>\u001b[39m\n                    \u001b[36m<path\u001b[39m\n                      \u001b[33md\u001b[39m=\u001b[32m\"M12 9v4\"\u001b[39m\n                    \u001b[36m/>\u001b[39m\n                    \u001b[36m<path\u001b[39m\n                      \u001b[33md\u001b[39m=\u001b[32m\"M12 17h.01\"\u001b[39m\n                    \u001b[36m/>\u001b[39m\n                  \u001b[36m</svg>\u001b[39m\n                \u001b[36m</span>\u001b[39m\n                \u001b[36m<div\u001b[39m\n                  \u001b[33mclass\u001b[39m=\u001b[32m\"min-w-0\"\u001b[39m\n                \u001b[36m>\u001b[39m\n                  \u001b[36m<p\u001b[39m\n                    \u001b[33mclass\u001b[39m=\u001b[32m\"cds-msg-title\"\u001b[39m\n                    \u001b[33mstyle\u001b[39m=\u001b[32m\"color: rgb(180, 83, 9);\"\u001b[39m\n                  \u001b[36m>\u001b[39m\n                    \u001b[0mAviso de hoje\u001b[0m\n                  \u001b[36m</p>\u001b[39m\n                  \u001b[36m<p\u001b[39m\n                    \u001b[33mclass\u001b[39m=\u001b[32m\"cds-msg-text\"\u001b[39m\n                  \u001b[36m>\u001b[39m\n                    \u001b[0mBebe mais água hoje.\u001b[0m\n                  \u001b[36m</p>\u001b[39m\n                \u001b[36m</div>\u001b[39m\n              \u001b[36m</div>\u001b[39m\n            \u001b[36m</div>\u001b[39m\n          \u001b[36m</div>\u001b[39m\n          \u001b[36m<div\u001b[39m\n            \u001b[33mclass\u001b[39m=\u001b[32m\"shrink-0\"\u001b[39m\n            \u001b[33mstyle\u001b[39m=\u001b[32m\"height: 32px;\"\u001b[39m\n          \u001b[36m/>\u001b[39m\n        \u001b[36m</div>\u001b[39m\n        \u001b[36m<div\u001b[39m\n          \u001b[33mclass\u001b[39m=\u001b[32m\"absolute bottom-4 left-0 right-0 flex justify-center pointer-events-none\"\u001b[39m\n        \u001b[36m>\u001b[39m\n          \u001b[36m<div\u001b[39m\n            \u001b[33mclass\u001b[39m=\u001b[32m\"flex items-center gap-1.5 pointer-events-auto bg-white shadow-sm px-2 py-1.5 rounded-full backdrop-blur-md\"\u001b[39m\n          \u001b[36m>\u001b[39m\n            \u001b[36m<button\u001b[39m\n              \u001b[33maria-label\u001b[39m=\u001b[32m\"Ver mensagem 1\"\u001b[39m\n              \u001b[33mclass\u001b[39m=\u001b[32m\"h-1.5 shrink-0 rounded-full transition-all duration-300 w-4 bg-[var(--accent)]\"\u001b[39m\n              \u001b[33mtype\u001b[39m=\u001b[32m\"button\"\u001b[39m\n            \u001b[36m/>\u001b[39m\n            \u001b[36m<button\u001b[39m\n              \u001b[33maria-label\u001b[39m=\u001b[32m\"Ver mensagem 2\"\u001b[39m\n              \u001b[33mclass\u001b[39m=\u001b[32m\"h-1.5 shrink-0 rounded-full transition-all duration-300 w-1.5 bg-[var(--accent)] opacity-40\"\u001b[39m\n              \u001b[33mtype\u001b[39m=\u001b[32m\"button\"\u001b[39m\n            \u001b[36m/>\u001b[39m\n          \u001b[36m</div>\u001b[39m\n        \u001b[36m</div>\u001b[39m\n      \u001b[36m</div>\u001b[39m\n    \u001b[36m</div>\u001b[39m\n  \u001b[36m</div>\u001b[39m\n\u001b[36m</body>\u001b[39m\n    at Object.getElementError (C:\\Users\\rpmar\\IronHealth-master\\node_modules\\@testing-library\\dom\\dist\\config.js:37:19)\n    at getAllByLabelText (C:\\Users\\rpmar\\IronHealth-master\\node_modules\\@testing-library\\dom\\dist\\queries\\label-text.js:111:38)\n    at C:\\Users\\rpmar\\IronHealth-master\\node_modules\\@testing-library\\dom\\dist\\query-helpers.js:52:17\n    at C:\\Users\\rpmar\\IronHealth-master\\node_modules\\@testing-library\\dom\\dist\\query-helpers.js:95:19\n    at C:/Users/rpmar/IronHealth-master/src/components/Home/CoachDailySummaryCard.test.jsx:49:28\n    at file:///C:/Users/rpmar/IronHealth-master/node_modules/@vitest/runner/dist/chunk-artifact.js:302:11\n    at file:///C:/Users/rpmar/IronHealth-master/node_modules/@vitest/runner/dist/chunk-artifact.js:1903:26\n    at file:///C:/Users/rpmar/IronHealth-master/node_modules/@vitest/runner/dist/chunk-artifact.js:2326:20\n    at new Promise (<anonymous>)\n    at runWithCancel (file:///C:/Users/rpmar/IronHealth-master/node_modules/@vitest/runner/dist/chunk-artifact.js:2323:10)"],"meta":{},"tags":[]},{"ancestorTitles":["CoachDailySummaryCard"],"fullName":"CoachDailySummaryCard o botão \"seguinte\" desativa-se na última mensagem","status":"failed","title":"o botão \"seguinte\" desativa-se na última mensagem","duration":9.825900000000274,"failureMessages":["TestingLibraryElementError: Unable to find a label with the text of: Próxima mensagem\n\nIgnored nodes: comments, script, style\n\u001b[36m<body>\u001b[39m\n  \u001b[36m<div>\u001b[39m\n    \u001b[36m<div\u001b[39m\n      \u001b[33mclass\u001b[39m=\u001b[32m\"w-full flex flex-col gap-3\"\u001b[39m\n    \u001b[36m>\u001b[39m\n      \u001b[36m<div\u001b[39m\n        \u001b[33mclass\u001b[39m=\u001b[32m\"cds-card w-full\"\u001b[39m\n      \u001b[36m>\u001b[39m\n        \u001b[36m<div\u001b[39m\n          \u001b[33mclass\u001b[39m=\u001b[32m\"cds-glow\"\u001b[39m\n        \u001b[36m/>\u001b[39m\n        \u001b[36m<div\u001b[39m\n          \u001b[33mclass\u001b[39m=\u001b[32m\"cds-header\"\u001b[39m\n        \u001b[36m>\u001b[39m\n          \u001b[36m<span\u001b[39m\n            \u001b[33mclass\u001b[39m=\u001b[32m\"cds-lbl\"\u001b[39m\n          \u001b[36m>\u001b[39m\n            \u001b[36m<svg\u001b[39m\n              \u001b[33maria-hidden\u001b[39m=\u001b[32m\"true\"\u001b[39m\n              \u001b[33mclass\u001b[39m=\u001b[32m\"lucide lucide-sparkles\"\u001b[39m\n              \u001b[33mfill\u001b[39m=\u001b[32m\"none\"\u001b[39m\n              \u001b[33mheight\u001b[39m=\u001b[32m\"12\"\u001b[39m\n              \u001b[33mstroke\u001b[39m=\u001b[32m\"currentColor\"\u001b[39m\n              \u001b[33mstroke-linecap\u001b[39m=\u001b[32m\"round\"\u001b[39m\n              \u001b[33mstroke-linejoin\u001b[39m=\u001b[32m\"round\"\u001b[39m\n              \u001b[33mstroke-width\u001b[39m=\u001b[32m\"2\"\u001b[39m\n              \u001b[33mviewBox\u001b[39m=\u001b[32m\"0 0 24 24\"\u001b[39m\n              \u001b[33mwidth\u001b[39m=\u001b[32m\"12\"\u001b[39m\n              \u001b[33mxmlns\u001b[39m=\u001b[32m\"http://www.w3.org/2000/svg\"\u001b[39m\n            \u001b[36m>\u001b[39m\n              \u001b[36m<path\u001b[39m\n                \u001b[33md\u001b[39m=\u001b[32m\"M11.017 2.814a1 1 0 0 1 1.966 0l1.051 5.558a2 2 0 0 0 1.594 1.594l5.558 1.051a1 1 0 0 1 0 1.966l-5.558 1.051a2 2 0 0 0-1.594 1.594l-1.051 5.558a1 1 0 0 1-1.966 0l-1.051-5.558a2 2 0 0 0-1.594-1.594l-5.558-1.051a1 1 0 0 1 0-1.966l5.558-1.051a2 2 0 0 0 1.594-1.594z\"\u001b[39m\n              \u001b[36m/>\u001b[39m\n              \u001b[36m<path\u001b[39m\n                \u001b[33md\u001b[39m=\u001b[32m\"M20 2v4\"\u001b[39m\n              \u001b[36m/>\u001b[39m\n              \u001b[36m<path\u001b[39m\n                \u001b[33md\u001b[39m=\u001b[32m\"M22 4h-4\"\u001b[39m\n              \u001b[36m/>\u001b[39m\n              \u001b[36m<circle\u001b[39m\n                \u001b[33mcx\u001b[39m=\u001b[32m\"4\"\u001b[39m\n                \u001b[33mcy\u001b[39m=\u001b[32m\"20\"\u001b[39m\n                \u001b[33mr\u001b[39m=\u001b[32m\"2\"\u001b[39m\n              \u001b[36m/>\u001b[39m\n            \u001b[36m</svg>\u001b[39m\n            \u001b[0m Resumo do Coach\u001b[0m\n          \u001b[36m</span>\u001b[39m\n          \u001b[36m<button\u001b[39m\n            \u001b[33maria-label\u001b[39m=\u001b[32m\"Atualizar resumo\"\u001b[39m\n            \u001b[33mclass\u001b[39m=\u001b[32m\"cds-refresh shrink-0\"\u001b[39m\n            \u001b[33mdata-spinning\u001b[39m=\u001b[32m\"false\"\u001b[39m\n            \u001b[33mtype\u001b[39m=\u001b[32m\"button\"\u001b[39m\n          \u001b[36m>\u001b[39m\n            \u001b[36m<svg\u001b[39m\n              \u001b[33maria-hidden\u001b[39m=\u001b[32m\"true\"\u001b[39m\n              \u001b[33mclass\u001b[39m=\u001b[32m\"lucide lucide-refresh-cw\"\u001b[39m\n              \u001b[33mfill\u001b[39m=\u001b[32m\"none\"\u001b[39m\n              \u001b[33mheight\u001b[39m=\u001b[32m\"13\"\u001b[39m\n              \u001b[33mstroke\u001b[39m=\u001b[32m\"currentColor\"\u001b[39m\n              \u001b[33mstroke-linecap\u001b[39m=\u001b[32m\"round\"\u001b[39m\n              \u001b[33mstroke-linejoin\u001b[39m=\u001b[32m\"round\"\u001b[39m\n              \u001b[33mstroke-width\u001b[39m=\u001b[32m\"2\"\u001b[39m\n              \u001b[33mviewBox\u001b[39m=\u001b[32m\"0 0 24 24\"\u001b[39m\n              \u001b[33mwidth\u001b[39m=\u001b[32m\"13\"\u001b[39m\n              \u001b[33mxmlns\u001b[39m=\u001b[32m\"http://www.w3.org/2000/svg\"\u001b[39m\n            \u001b[36m>\u001b[39m\n              \u001b[36m<path\u001b[39m\n                \u001b[33md\u001b[39m=\u001b[32m\"M3 12a9 9 0 0 1 9-9 9.75 9.75 0 0 1 6.74 2.74L21 8\"\u001b[39m\n              \u001b[36m/>\u001b[39m\n              \u001b[36m<path\u001b[39m\n                \u001b[33md\u001b[39m=\u001b[32m\"M21 3v5h-5\"\u001b[39m\n              \u001b[36m/>\u001b[39m\n              \u001b[36m<path\u001b[39m\n                \u001b[33md\u001b[39m=\u001b[32m\"M21 12a9 9 0 0 1-9 9 9.75 9.75 0 0 1-6.74-2.74L3 16\"\u001b[39m\n              \u001b[36m/>\u001b[39m\n              \u001b[36m<path\u001b[39m\n                \u001b[33md\u001b[39m=\u001b[32m\"M8 16H3v5\"\u001b[39m\n              \u001b[36m/>\u001b[39m\n            \u001b[36m</svg>\u001b[39m\n          \u001b[36m</button>\u001b[39m\n        \u001b[36m</div>\u001b[39m\n        \u001b[36m<div\u001b[39m\n          \u001b[33mclass\u001b[39m=\u001b[32m\"cds-body mt-2\"\u001b[39m\n        \u001b[36m>\u001b[39m\n          \u001b[36m<div\u001b[39m\n            \u001b[33mclass\u001b[39m=\u001b[32m\"flex overflow-x-auto snap-x snap-mandatory no-scrollbar\"\u001b[39m\n            \u001b[33mstyle\u001b[39m=\u001b[32m\"scroll-behavior: smooth;\"\u001b[39m\n          \u001b[36m>\u001b[39m\n            \u001b[36m<div\u001b[39m\n              \u001b[33mclass\u001b[39m=\u001b[32m\"w-full shrink-0 snap-center\"\u001b[39m\n            \u001b[36m>\u001b[39m\n              \u001b[36m<div\u001b[39m\n                \u001b[33mclass\u001b[39m=\u001b[32m\"cds-msg\"\u001b[39m\n                \u001b[33mdata-active\u001b[39m=\u001b[32m\"true\"\u001b[39m\n              \u001b[36m>\u001b[39m\n                \u001b[36m<span\u001b[39m\n                  \u001b[33mclass\u001b[39m=\u001b[32m\"cds-msg-icon\"\u001b[39m\n                  \u001b[33mstyle\u001b[39m=\u001b[32m\"background: rgba(14, 116, 144, 0.1); color: rgb(14, 116, 144);\"\u001b[39m\n                \u001b[36m>\u001b[39m\n                  \u001b[36m<svg\u001b[39m\n                    \u001b[33maria-hidden\u001b[39m=\u001b[32m\"true\"\u001b[39m\n                    \u001b[33mclass\u001b[39m=\u001b[32m\"lucide lucide-rotate-ccw-clock\"\u001b[39m\n                    \u001b[33mfill\u001b[39m=\u001b[32m\"none\"\u001b[39m\n                    \u001b[33mheight\u001b[39m=\u001b[32m\"15\"\u001b[39m\n                    \u001b[33mstroke\u001b[39m=\u001b[32m\"currentColor\"\u001b[39m\n                    \u001b[33mstroke-linecap\u001b[39m=\u001b[32m\"round\"\u001b[39m\n                    \u001b[33mstroke-linejoin\u001b[39m=\u001b[32m\"round\"\u001b[39m\n                    \u001b[33mstroke-width\u001b[39m=\u001b[32m\"2\"\u001b[39m\n                    \u001b[33mviewBox\u001b[39m=\u001b[32m\"0 0 24 24\"\u001b[39m\n                    \u001b[33mwidth\u001b[39m=\u001b[32m\"15\"\u001b[39m\n                    \u001b[33mxmlns\u001b[39m=\u001b[32m\"http://www.w3.org/2000/svg\"\u001b[39m\n                  \u001b[36m>\u001b[39m\n                    \u001b[36m<path\u001b[39m\n                      \u001b[33md\u001b[39m=\u001b[32m\"M3 12a9 9 0 1 0 9-9 9.75 9.75 0 0 0-6.74 2.74L3 8\"\u001b[39m\n                    \u001b[36m/>\u001b[39m\n                    \u001b[36m<path\u001b[39m\n                      \u001b[33md\u001b[39m=\u001b[32m\"M3 3v5h5\"\u001b[39m\n                    \u001b[36m/>\u001b[39m\n                    \u001b[36m<path\u001b[39m\n                      \u001b[33md\u001b[39m=\u001b[32m\"M12 7v5l4 2\"\u001b[39m\n                    \u001b[36m/>\u001b[39m\n                  \u001b[36m</svg>\u001b[39m\n                \u001b[36m</span>\u001b[39m\n                \u001b[36m<div\u001b[39m\n                  \u001b[33mclass\u001b[39m=\u001b[32m\"min-w-0\"\u001b[39m\n                \u001b[36m>\u001b[39m\n                  \u001b[36m<p\u001b[39m\n                    \u001b[33mclass\u001b[39m=\u001b[32m\"cds-msg-title\"\u001b[39m\n                    \u001b[33mstyle\u001b[39m=\u001b[32m\"color: rgb(14, 116, 144);\"\u001b[39m\n                  \u001b[36m>\u001b[39m\n                    \u001b[0mRecapitulação\u001b[0m\n                  \u001b[36m</p>\u001b[39m\n                  \u001b[36m<p\u001b[39m\n                    \u001b[33mclass\u001b[39m=\u001b[32m\"cds-msg-text\"\u001b[39m\n                  \u001b[36m>\u001b[39m\n                    \u001b[0mA\u001b[0m\n                  \u001b[36m</p>\u001b[39m\n                \u001b[36m</div>\u001b[39m\n              \u001b[36m</div>\u001b[39m\n            \u001b[36m</div>\u001b[39m\n            \u001b[36m<div\u001b[39m\n              \u001b[33mclass\u001b[39m=\u001b[32m\"w-full shrink-0 snap-center\"\u001b[39m\n            \u001b[36m>\u001b[39m\n              \u001b[36m<div\u001b[39m\n                \u001b[33mclass\u001b[39m=\u001b[32m\"cds-msg\"\u001b[39m\n                \u001b[33mdata-active\u001b[39m=\u001b[32m\"false\"\u001b[39m\n              \u001b[36m>\u001b[39m\n                \u001b[36m<span\u001b[39m\n                  \u001b[33mclass\u001b[39m=\u001b[32m\"cds-msg-icon\"\u001b[39m\n                  \u001b[33mstyle\u001b[39m=\u001b[32m\"background: rgba(180, 83, 9, 0.1); color: rgb(180, 83, 9);\"\u001b[39m\n                \u001b[36m>\u001b[39m\n                  \u001b[36m<svg\u001b[39m\n                    \u001b[33maria-hidden\u001b[39m=\u001b[32m\"true\"\u001b[39m\n                    \u001b[33mclass\u001b[39m=\u001b[32m\"lucide lucide-triangle-alert\"\u001b[39m\n                    \u001b[33mfill\u001b[39m=\u001b[32m\"none\"\u001b[39m\n                    \u001b[33mheight\u001b[39m=\u001b[32m\"15\"\u001b[39m\n                    \u001b[33mstroke\u001b[39m=\u001b[32m\"currentColor\"\u001b[39m\n                    \u001b[33mstroke-linecap\u001b[39m=\u001b[32m\"round\"\u001b[39m\n                    \u001b[33mstroke-linejoin\u001b[39m=\u001b[32m\"round\"\u001b[39m\n                    \u001b[33mstroke-width\u001b[39m=\u001b[32m\"2\"\u001b[39m\n                    \u001b[33mviewBox\u001b[39m=\u001b[32m\"0 0 24 24\"\u001b[39m\n                    \u001b[33mwidth\u001b[39m=\u001b[32m\"15\"\u001b[39m\n                    \u001b[33mxmlns\u001b[39m=\u001b[32m\"http://www.w3.org/2000/svg\"\u001b[39m\n                  \u001b[36m>\u001b[39m\n                    \u001b[36m<path\u001b[39m\n                      \u001b[33md\u001b[39m=\u001b[32m\"m21.73 18-8-14a2 2 0 0 0-3.48 0l-8 14A2 2 0 0 0 4 21h16a2 2 0 0 0 1.73-3\"\u001b[39m\n                    \u001b[36m/>\u001b[39m\n                    \u001b[36m<path\u001b[39m\n                      \u001b[33md\u001b[39m=\u001b[32m\"M12 9v4\"\u001b[39m\n                    \u001b[36m/>\u001b[39m\n                    \u001b[36m<path\u001b[39m\n                      \u001b[33md\u001b[39m=\u001b[32m\"M12 17h.01\"\u001b[39m\n                    \u001b[36m/>\u001b[39m\n                  \u001b[36m</svg>\u001b[39m\n                \u001b[36m</span>\u001b[39m\n                \u001b[36m<div\u001b[39m\n                  \u001b[33mclass\u001b[39m=\u001b[32m\"min-w-0\"\u001b[39m\n                \u001b[36m>\u001b[39m\n                  \u001b[36m<p\u001b[39m\n                    \u001b[33mclass\u001b[39m=\u001b[32m\"cds-msg-title\"\u001b[39m\n                    \u001b[33mstyle\u001b[39m=\u001b[32m\"color: rgb(180, 83, 9);\"\u001b[39m\n                  \u001b[36m>\u001b[39m\n                    \u001b[0mAviso de hoje\u001b[0m\n                  \u001b[36m</p>\u001b[39m\n                  \u001b[36m<p\u001b[39m\n                    \u001b[33mclass\u001b[39m=\u001b[32m\"cds-msg-text\"\u001b[39m\n                  \u001b[36m>\u001b[39m\n                    \u001b[0mB\u001b[0m\n                  \u001b[36m</p>\u001b[39m\n                \u001b[36m</div>\u001b[39m\n              \u001b[36m</div>\u001b[39m\n            \u001b[36m</div>\u001b[39m\n          \u001b[36m</div>\u001b[39m\n          \u001b[36m<div\u001b[39m\n            \u001b[33mclass\u001b[39m=\u001b[32m\"shrink-0\"\u001b[39m\n            \u001b[33mstyle\u001b[39m=\u001b[32m\"height: 32px;\"\u001b[39m\n          \u001b[36m/>\u001b[39m\n        \u001b[36m</div>\u001b[39m\n        \u001b[36m<div\u001b[39m\n          \u001b[33mclass\u001b[39m=\u001b[32m\"absolute bottom-4 left-0 right-0 flex justify-center pointer-events-none\"\u001b[39m\n        \u001b[36m>\u001b[39m\n          \u001b[36m<div\u001b[39m\n            \u001b[33mclass\u001b[39m=\u001b[32m\"flex items-center gap-1.5 pointer-events-auto bg-white shadow-sm px-2 py-1.5 rounded-full backdrop-blur-md\"\u001b[39m\n          \u001b[36m>\u001b[39m\n            \u001b[36m<button\u001b[39m\n              \u001b[33maria-label\u001b[39m=\u001b[32m\"Ver mensagem 1\"\u001b[39m\n              \u001b[33mclass\u001b[39m=\u001b[32m\"h-1.5 shrink-0 rounded-full transition-all duration-300 w-4 bg-[var(--accent)]\"\u001b[39m\n              \u001b[33mtype\u001b[39m=\u001b[32m\"button\"\u001b[39m\n            \u001b[36m/>\u001b[39m\n            \u001b[36m<button\u001b[39m\n              \u001b[33maria-label\u001b[39m=\u001b[32m\"Ver mensagem 2\"\u001b[39m\n              \u001b[33mclass\u001b[39m=\u001b[32m\"h-1.5 shrink-0 rounded-full transition-all duration-300 w-1.5 bg-[var(--accent)] opacity-40\"\u001b[39m\n              \u001b[33mtype\u001b[39m=\u001b[32m\"button\"\u001b[39m\n            \u001b[36m/>\u001b[39m\n          \u001b[36m</div>\u001b[39m\n        \u001b[36m</div>\u001b[39m\n      \u001b[36m</div>\u001b[39m\n    \u001b[36m</div>\u001b[39m\n  \u001b[36m</div>\u001b[39m\n\u001b[36m</body>\u001b[39m\n    at Object.getElementError (C:\\Users\\rpmar\\IronHealth-master\\node_modules\\@testing-library\\dom\\dist\\config.js:37:19)\n    at getAllByLabelText (C:\\Users\\rpmar\\IronHealth-master\\node_modules\\@testing-library\\dom\\dist\\queries\\label-text.js:111:38)\n    at C:\\Users\\rpmar\\IronHealth-master\\node_modules\\@testing-library\\dom\\dist\\query-helpers.js:52:17\n    at C:\\Users\\rpmar\\IronHealth-master\\node_modules\\@testing-library\\dom\\dist\\query-helpers.js:95:19\n    at C:/Users/rpmar/IronHealth-master/src/components/Home/CoachDailySummaryCard.test.jsx:61:28\n    at file:///C:/Users/rpmar/IronHealth-master/node_modules/@vitest/runner/dist/chunk-artifact.js:302:11\n    at file:///C:/Users/rpmar/IronHealth-master/node_modules/@vitest/runner/dist/chunk-artifact.js:1903:26\n    at file:///C:/Users/rpmar/IronHealth-master/node_modules/@vitest/runner/dist/chunk-artifact.js:2326:20\n    at new Promise (<anonymous>)\n    at runWithCancel (file:///C:/Users/rpmar/IronHealth-master/node_modules/@vitest/runner/dist/chunk-artifact.js:2323:10)"],"meta":{},"tags":[]},{"ancestorTitles":["CoachDailySummaryCard"],"fullName":"CoachDailySummaryCard o botão atualizar força uma nova geração e volta ao início","status":"failed","title":"o botão atualizar força uma nova geração e volta ao início","duration":8.379300000000057,"failureMessages":["TestingLibraryElementError: Unable to find a label with the text of: Próxima mensagem\n\nIgnored nodes: comments, script, style\n\u001b[36m<body>\u001b[39m\n  \u001b[36m<div>\u001b[39m\n    \u001b[36m<div\u001b[39m\n      \u001b[33mclass\u001b[39m=\u001b[32m\"w-full flex flex-col gap-3\"\u001b[39m\n    \u001b[36m>\u001b[39m\n      \u001b[36m<div\u001b[39m\n        \u001b[33mclass\u001b[39m=\u001b[32m\"cds-card w-full\"\u001b[39m\n      \u001b[36m>\u001b[39m\n        \u001b[36m<div\u001b[39m\n          \u001b[33mclass\u001b[39m=\u001b[32m\"cds-glow\"\u001b[39m\n        \u001b[36m/>\u001b[39m\n        \u001b[36m<div\u001b[39m\n          \u001b[33mclass\u001b[39m=\u001b[32m\"cds-header\"\u001b[39m\n        \u001b[36m>\u001b[39m\n          \u001b[36m<span\u001b[39m\n            \u001b[33mclass\u001b[39m=\u001b[32m\"cds-lbl\"\u001b[39m\n          \u001b[36m>\u001b[39m\n            \u001b[36m<svg\u001b[39m\n              \u001b[33maria-hidden\u001b[39m=\u001b[32m\"true\"\u001b[39m\n              \u001b[33mclass\u001b[39m=\u001b[32m\"lucide lucide-sparkles\"\u001b[39m\n              \u001b[33mfill\u001b[39m=\u001b[32m\"none\"\u001b[39m\n              \u001b[33mheight\u001b[39m=\u001b[32m\"12\"\u001b[39m\n              \u001b[33mstroke\u001b[39m=\u001b[32m\"currentColor\"\u001b[39m\n              \u001b[33mstroke-linecap\u001b[39m=\u001b[32m\"round\"\u001b[39m\n              \u001b[33mstroke-linejoin\u001b[39m=\u001b[32m\"round\"\u001b[39m\n              \u001b[33mstroke-width\u001b[39m=\u001b[32m\"2\"\u001b[39m\n              \u001b[33mviewBox\u001b[39m=\u001b[32m\"0 0 24 24\"\u001b[39m\n              \u001b[33mwidth\u001b[39m=\u001b[32m\"12\"\u001b[39m\n              \u001b[33mxmlns\u001b[39m=\u001b[32m\"http://www.w3.org/2000/svg\"\u001b[39m\n            \u001b[36m>\u001b[39m\n              \u001b[36m<path\u001b[39m\n                \u001b[33md\u001b[39m=\u001b[32m\"M11.017 2.814a1 1 0 0 1 1.966 0l1.051 5.558a2 2 0 0 0 1.594 1.594l5.558 1.051a1 1 0 0 1 0 1.966l-5.558 1.051a2 2 0 0 0-1.594 1.594l-1.051 5.558a1 1 0 0 1-1.966 0l-1.051-5.558a2 2 0 0 0-1.594-1.594l-5.558-1.051a1 1 0 0 1 0-1.966l5.558-1.051a2 2 0 0 0 1.594-1.594z\"\u001b[39m\n              \u001b[36m/>\u001b[39m\n              \u001b[36m<path\u001b[39m\n                \u001b[33md\u001b[39m=\u001b[32m\"M20 2v4\"\u001b[39m\n              \u001b[36m/>\u001b[39m\n              \u001b[36m<path\u001b[39m\n                \u001b[33md\u001b[39m=\u001b[32m\"M22 4h-4\"\u001b[39m\n              \u001b[36m/>\u001b[39m\n              \u001b[36m<circle\u001b[39m\n                \u001b[33mcx\u001b[39m=\u001b[32m\"4\"\u001b[39m\n                \u001b[33mcy\u001b[39m=\u001b[32m\"20\"\u001b[39m\n                \u001b[33mr\u001b[39m=\u001b[32m\"2\"\u001b[39m\n              \u001b[36m/>\u001b[39m\n            \u001b[36m</svg>\u001b[39m\n            \u001b[0m Resumo do Coach\u001b[0m\n          \u001b[36m</span>\u001b[39m\n          \u001b[36m<button\u001b[39m\n            \u001b[33maria-label\u001b[39m=\u001b[32m\"Atualizar resumo\"\u001b[39m\n            \u001b[33mclass\u001b[39m=\u001b[32m\"cds-refresh shrink-0\"\u001b[39m\n            \u001b[33mdata-spinning\u001b[39m=\u001b[32m\"false\"\u001b[39m\n            \u001b[33mtype\u001b[39m=\u001b[32m\"button\"\u001b[39m\n          \u001b[36m>\u001b[39m\n            \u001b[36m<svg\u001b[39m\n              \u001b[33maria-hidden\u001b[39m=\u001b[32m\"true\"\u001b[39m\n              \u001b[33mclass\u001b[39m=\u001b[32m\"lucide lucide-refresh-cw\"\u001b[39m\n              \u001b[33mfill\u001b[39m=\u001b[32m\"none\"\u001b[39m\n              \u001b[33mheight\u001b[39m=\u001b[32m\"13\"\u001b[39m\n              \u001b[33mstroke\u001b[39m=\u001b[32m\"currentColor\"\u001b[39m\n              \u001b[33mstroke-linecap\u001b[39m=\u001b[32m\"round\"\u001b[39m\n              \u001b[33mstroke-linejoin\u001b[39m=\u001b[32m\"round\"\u001b[39m\n              \u001b[33mstroke-wid
[...]
es","duration":107.54880000000003,"failureMessages":[],"meta":{},"tags":[]},{"ancestorTitles":["Perfil — rascunho vs recarregamento do perfil"],"fullName":"Perfil — rascunho vs recarregamento do perfil deixa navegar sem alterações pendentes","status":"passed","title":"deixa navegar sem alterações pendentes","duration":62.547000000000025,"failureMessages":[],"meta":{},"tags":[]},{"ancestorTitles":["Perfil — rascunho vs recarregamento do perfil"],"fullName":"Perfil — rascunho vs recarregamento do perfil sair sem gravar reverte os campos para os valores do perfil","status":"passed","title":"sair sem gravar reverte os campos para os valores do perfil","duration":113.10190000000011,"failureMessages":[],"meta":{},"tags":[]},{"ancestorTitles":["Perfil — rascunho vs recarregamento do perfil"],"fullName":"Perfil — rascunho vs recarregamento do perfil grava só os campos alterados, sem tocar nos que o servidor também escreve","status":"passed","title":"grava só os campos alterados, sem tocar nos que o servidor também escreve","duration":129.3407000000002,"failureMessages":[],"meta":{},"tags":[]},{"ancestorTitles":["Perfil — rascunho vs recarregamento do perfil"],"fullName":"Perfil — rascunho vs recarregamento do perfil terminar sessão com alterações pendentes passa pelo aviso","status":"passed","title":"terminar sessão com alterações pendentes passa pelo aviso","duration":105.82839999999987,"failureMessages":[],"meta":{},"tags":[]},{"ancestorTitles":["Perfil — metas escritas pelo Coach"],"fullName":"Perfil — metas escritas pelo Coach o interruptor começa desligado quando o perfil não o tem definido","status":"passed","title":"o interruptor começa desligado quando o perfil não o tem definido","duration":35.597299999999905,"failureMessages":[],"meta":{},"tags":[]},{"ancestorTitles":["Perfil — metas escritas pelo Coach"],"fullName":"Perfil — metas escritas pelo Coach ligar o interruptor marca o campo como alterado e grava-o","status":"passed","title":"ligar o interruptor marca o campo como alterado e grava-o","duration":106.66130000000021,"failureMessages":[],"meta":{},"tags":[]},{"ancestorTitles":["Perfil — metas escritas pelo Coach"],"fullName":"Perfil — metas escritas pelo Coach mostra o selo \"Coach\" quando a proteína foi definida pelo Coach","status":"passed","title":"mostra o selo \"Coach\" quando a proteína foi definida pelo Coach","duration":58.45320000000038,"failureMessages":[],"meta":{},"tags":[]},{"ancestorTitles":["Perfil — metas escritas pelo Coach"],"fullName":"Perfil — metas escritas pelo Coach não mostra selo nenhum quando nada foi definido pelo Coach","status":"passed","title":"não mostra selo nenhum quando nada foi definido pelo Coach","duration":31.160799999999654,"failureMessages":[],"meta":{},"tags":[]},{"ancestorTitles":["Perfil — metas escritas pelo Coach"],"fullName":"Perfil — metas escritas pelo Coach editar à mão a proteína marcada pelo Coach desliga a origem e grava as duas mudanças","status":"passed","title":"editar à mão a proteína marcada pelo Coach desliga a origem e grava as duas mudanças","duration":93.91120000000046,"failureMessages":[],"meta":{},"tags":[]},{"ancestorTitles":["Perfil — metas escritas pelo Coach"],"fullName":"Perfil — metas escritas pelo Coach editar a gordura definida pelo coach também desliga só a sua própria flag","status":"passed","title":"editar a gordura definida pelo coach também desliga só a sua própria flag","duration":78.19419999999991,"failureMessages":[],"meta":{},"tags":[]},{"ancestorTitles":["Perfil — FC em repouso (resting_hr_bpm)"],"fullName":"Perfil — FC em repouso (resting_hr_bpm) um valor fora do intervalo (5) é descartado silenciosamente — save completa sem erro","status":"passed","title":"um valor fora do intervalo (5) é descartado silenciosamente — save completa sem erro","duration":57.324799999999414,"failureMessages":[],"meta":{},"tags":[]},{"ancestorTitles":["Perfil — FC em repouso (resting_hr_bpm)"],"fullName":"Perfil — FC em repouso (resting_hr_bpm) um valor dentro do intervalo (58) é gravado normalmente","status":"passed","title":"um valor dentro do intervalo (58) é gravado normalmente","duration":41.04919999999947,"failureMessages":[],"meta":{},"tags":[]},{"ancestorTitles":["Perfil — FC em repouso (resting_hr_bpm)"],"fullName":"Perfil — FC em repouso (resting_hr_bpm) um valor muito alto (200) também é descartado silenciosamente","status":"passed","title":"um valor muito alto (200) também é descartado silenciosamente","duration":76.98739999999998,"failureMessages":[],"meta":{},"tags":[]}],"startTime":1786756245818,"endTime":1786756247534.9873,"status":"passed","message":"","name":"C:/Users/rpmar/IronHealth-master/src/components/Perfil/Perfil.test.jsx"},{"assertionResults":[{"ancestorTitles":["MissingMetricsBottomSheet"],"fullName":"MissingMetricsBottomSheet não renderiza nada se isOpen for false","status":"passed","title":"não renderiza nada se isOpen for false","duration":8.873000000000047,"failureMessages":[],"meta":{},"tags":[]},{"ancestorTitles":["MissingMetricsBottomSheet"],"fullName":"MissingMetricsBottomSheet renderiza o título, lista de métricas e os 3 botões de ação quando aberto","status":"passed","title":"renderiza o título, lista de métricas e os 3 botões de ação quando aberto","duration":241.83839999999987,"failureMessages":[],"meta":{},"tags":[]},{"ancestorTitles":["MissingMetricsBottomSheet"],"fullName":"MissingMetricsBottomSheet chama os respetivos callbacks ao clicar nos botões","status":"passed","title":"chama os respetivos callbacks ao clicar nos botões","duration":64.35670000000005,"failureMessages":[],"meta":{},"tags":[]},{"ancestorTitles":["MissingMetricsBottomSheet"],"fullName":"MissingMetricsBottomSheet chama onClose ao clicar no traço de touch","status":"passed","title":"chama onClose ao clicar no traço de touch","duration":20.053199999999833,"failureMessages":[],"meta":{},"tags":[]},{"ancestorTitles":["MissingMetricsBottomSheet"],"fullName":"MissingMetricsBottomSheet chama onClose ao deslizar para baixo","status":"passed","title":"chama onClose ao deslizar para baixo","duration":18.224500000000035,"failureMessages":[],"meta":{},"tags":[]}],"startTime":1786756244514,"endTime":1786756244868.2246,"status":"passed","message":"","name":"C:/Users/rpmar/IronHealth-master/src/components/Run/MissingMetricsBottomSheet.test.jsx"},{"assertionResults":[{"ancestorTitles":["RunCard — métricas do relógio (details jsonb)"],"fullName":"RunCard — métricas do relógio (details jsonb) mostra desnível, cadência média/máxima, calorias, FC média/máxima e VO2 máx nas pílulas","status":"passed","title":"mostra desnível, cadência média/máxima, calorias, FC média/máxima e VO2 máx nas pílulas","duration":122.40819999999985,"failureMessages":[],"meta":{},"tags":[]},{"ancestorTitles":["RunCard — métricas do relógio (details jsonb)"],"fullName":"RunCard — métricas do relógio (details jsonb) mostra o tempo em cada zona de FC","status":"passed","title":"mostra o tempo em cada zona de FC","duration":22.15310000000045,"failureMessages":[],"meta":{},"tags":[]},{"ancestorTitles":["RunCard — métricas do relógio (details jsonb)"],"fullName":"RunCard — métricas do relógio (details jsonb) mostra a tabela de splits","status":"passed","title":"mostra a tabela de splits","duration":17.454200000000128,"failureMessages":[],"meta":{},"tags":[]}],"startTime":1786756248811,"endTime":1786756248973.454,"status":"passed","message":"","name":"C:/Users/rpmar/IronHealth-master/src/components/Run/RunCard.test.jsx"},{"assertionResults":[{"ancestorTitles":["RunRegistration — Analisar Corrida (analyze-run)"],"fullName":"RunRegistration — Analisar Corrida (analyze-run) envia o payload correto para um treino, com a chave nova de training_type","status":"passed","title":"envia o payload correto para um treino, com a chave nova de training_type","duration":335.3312999999998,"failureMessages":[],"meta":{},"tags":[]},{"ancestorTitles":["RunRegistration — Analisar Corrida (analyze-run)"],"fullName":"RunRegistration — Analisar Corrida (analyze-run) envia race_type (não training_type) para uma competição","status":"passed","title":"envia race_type (não training_type) para uma competição","duration":84.15700000000015,"failureMessages":[],"meta":{},"tags":[]},{"ancestorTitles":["RunRegistration — Analisar Corrida (analyze-run)"],"fullName":"RunRegistration — Analisar Corrida (analyze-run) não invoca a análise sem nome de corrida preenchido","status":"passed","title":"não invoca a análise sem nome de corrida preenchido","duration":77.49710000000005,"failureMessages":[],"meta":{},"tags":[]},{"ancestorTitles":["RunRegistration — Analisar Corrida (analyze-run)"],"fullName":"RunRegistration — Analisar Corrida (analyze-run) acrescenta a corrida devolvida ao store e fecha o formulário","status":"passed","title":"acrescenta a corrida devolvida ao store e fecha o formulário","duration":86.34990000000016,"failureMessages":[],"meta":{},"tags":[]},{"ancestorTitles":["RunRegistration — Analisar Corrida (analyze-run)"],"fullName":"RunRegistration — Analisar Corrida (analyze-run) mostra o erro da Edge Function e não fecha o formulário","status":"passed","title":"mostra o erro da Edge Function e não fecha o formulário","duration":65.74209999999994,"failureMessages":[],"meta":{},"tags":[]},{"ancestorTitles":["RunRegistration — Analisar Corrida (analyze-run)"],"fullName":"RunRegistration — Analisar Corrida (analyze-run) abre o Bottom Sheet de métricas em falta se a extração por foto não trouxer métricas essenciais","status":"passed","title":"abre o Bottom Sheet de métricas em falta se a extração por foto não trouxer métricas essenciais","duration":113.43430000000035,"failureMessages":[],"meta":{},"tags":[]},{"ancestorTitles":["RunRegistration — cartão único: alternar entre Foto e Manual"],"fullName":"RunRegistration — cartão único: alternar entre Foto e Manual mostra o upload de fotos por omissão e esconde os campos manuais","status":"passed","title":"mostra o upload de fotos por omissão e esconde os campos manuais","duration":11.910200000000259,"failureMessages":[],"meta":{},"tags":[]},{"ancestorTitles":["RunRegistration — cartão único: alternar entre Foto e Manual"],"fullName":"RunRegistration — cartão único: alternar entre Foto e Manual ao escolher Manual, esconde o upload e mostra os campos manuais","status":"passed","title":"ao escolher Manual, esconde o upload e mostra os campos manuais","duration":75.9978000000001,"failureMessages":[],"meta":{},"tags":[]},{"ancestorTitles":["RunRegistration — cartão único: alternar entre Foto e Manual"],"fullName":"RunRegistration — cartão único: alternar entre Foto e Manual esconde o seletor e vai direto aos campos manuais quando está a editar","status":"passed","title":"esconde o seletor e vai direto aos campos manuais quando está a editar","duration":48.933500000000095,"failureMessages":[],"meta":{},"tags":[]},{"ancestorTitles":["RunRegistration — registo manual também passa pelo Coach (analyze-run, modo manual)"],"fullName":"RunRegistration — registo manual também passa pelo Coach (analyze-run, modo manual) envia o registo manual para analyze-run em modo manual, sem imagens","status":"passed","title":"envia o registo manual para analyze-run em modo manual, sem imagens","duration":146.16869999999972,"failureMessages":[],"meta":{},"tags":[]},{"ancestorTitles":["RunRegistration — registo manual também passa pelo Coach (analyze-run, modo manual)"],"fullName":"RunRegistration — registo manual também passa pelo Coach (analyze-run, modo manual) envia cadência média e máxima, zonas de FC e splits nas métricas do relógio","status":"passed","title":"envia cadência média e máxima, zonas de FC e splits nas métricas do relógio","duration":189.00859999999966,"failureMessages":[],"meta":{},"tags":[]},{"ancestorTitles":["RunRegistration — registo manual também passa pelo Coach (analyze-run, modo manual)"],"fullName":"RunRegistration — registo manual também passa pelo Coach (analyze-run, modo manual) acrescenta a corrida devolvida (já com coach_notes) ao store e fecha o formulário","status":"passed","title":"acrescenta a corrida devolvida (já com coach_notes) ao store e fecha o formulário","duration":149.3800000000001,"failureMessages":[],"meta":{},"tags":[]},{"ancestorTitles":["RunRegistration — registo manual também passa pelo Coach (analyze-run, modo manual)"],"fullName":"RunRegistration — registo manual também passa pelo Coach (analyze-run, modo manual) não invoca a análise sem nome de corrida preenchido","status":"passed","title":"não invoca a análise sem nome de corrida preenchido","duration":68.03219999999965,"failureMessages":[],"meta":{},"tags":[]},{"ancestorTitles":["RunRegistration — registo manual também passa pelo Coach (analyze-run, modo manual)"],"fullName":"RunRegistration — registo manual também passa pelo Coach (analyze-run, modo manual) mostra o erro da Edge Function e não fecha o formulário","status":"passed","title":"mostra o erro da Edge Function e não fecha o formulário","duration":123.36329999999998,"failureMessages":[],"meta":{},"tags":[]},{"ancestorTitles":["RunRegistration — editar corrida existente"],"fullName":"RunRegistration — editar corrida existente mudar só o nome faz update direto, sem chamar o Gemini","status":"passed","title":"mudar só o nome faz update direto, sem chamar o Gemini","duration":92.51080000000002,"failureMessages":[],"meta":{},"tags":[]},{"ancestorTitles":["RunRegistration — editar corrida existente"],"fullName":"RunRegistration — editar corrida existente mudar a distância passa pelo Coach e reanalisa","status":"passed","title":"mudar a distância passa pelo Coach e reanalisa","duration":143.58629999999994,"failureMessages":[],"meta":{},"tags":[]},{"ancestorTitles":["RunRegistration — editar corrida existente"],"fullName":"RunRegistration — editar corrida existente mudar uma métrica do relógio também passa pelo Coach","status":"passed","title":"mudar uma métrica do relógio também passa pelo Coach","duration":135.0601999999999,"failureMessages":[],"meta":{},"tags":[]},{"ancestorTitles":["RunRegistration — editar corrida existente"],"fullName":"RunRegistration — editar corrida existente um erro do Coach não fecha o formulário","status":"passed","title":"um erro do Coach não fecha o formulário","duration":118.51019999999971,"failureMessages":[],"meta":{},"tags":[]}],"startTime":1786756245719,"endTime":1786756247786.5103,"status":"passed","message":"","name":"C:/Users/rpmar/IronHealth-master/src/components/Run/RunRegistration.test.jsx"},{"assertionResults":[{"ancestorTitles":["GymRegistration — cartão único: alternar entre Foto e Manual"],"fullName":"GymRegistration — cartão único: alternar entre Foto e Manual mostra o upload de fotos por omissão e esconde os campos manuais","status":"passed","title":"mostra o upload de fotos por omissão e esconde os campos manuais","duration":135.66609999999991,"failureMessages":[],"meta":{},"tags":[]},{"ancestorTitles":["GymRegistration — cartão único: alternar entre Foto e Manual"],"fullName":"GymRegistration — cartão único: alternar entre Foto e Manual ao escolher Manual, esconde o upload e mostra as métricas do relógio","status":"passed","title":"ao escolher Manual, esconde o upload e mostra as métricas do relógio","duration":275.66179999999986,"failureMessages":[],"meta":{},"tags":[]},{"ancestorTitles":["GymRegistration — Analisar Treino por foto (analyze-gym)"],"fullName":"GymRegistration — Analisar Treino por foto (analyze-gym) envia o payload correto (imagens, data, tipo, categorias, observações)","status":"passed","title":"envia o payload correto (imagens, data, tipo, categorias, observações)","duration":189.17650000000003,"failureMessages":[],"meta":{},"tags":[]},{"ancestorTitles":["GymRegistration — Analisar Treino por foto (analyze-gym)"],"fullName":"GymRegistration — Analisar Treino por foto (analyze-gym) acrescenta a sessão devolvida (já com coach_notes) ao store e fecha o formulário","status":"passed","title":"acrescenta a sessão devolvida (já com coach_notes) ao store e fecha o formulário","duration":88.97859999999991,"failureMessages":[],"meta":{},"tags":[]},{"ancestorTitles":["GymRegistration — Analisar Treino por foto (analyze-gym)"],"fullName":"GymRegistration — Analisar Treino por foto (analyze-gym) mostra o erro da Edge Function e não fecha o formulário","status":"passed","title":"mostra o erro da Edge Function e não fecha o formulário","duration":62.00550000000021,"failureMessages":[],"meta":{},"tags":[]},{"ancestorTitles":["GymRegistration — registo manual também passa pelo Coach (analyze-gym, modo manual)"],"fullName":"GymRegistration — registo manual também passa pelo Coach (analyze-gym, modo manual) envia o registo manual para analyze-gym em modo manual, sem imagens","status":"passed","title":"envia o registo manual para analyze-gym em modo manual, sem imagens","duration":95.33280000000013,"failureMessages":[],"meta":{},"tags":[]},{"ancestorTitles":["GymRegistration — registo manual também passa pelo Coach (analyze-gym, modo manual)"],"fullName":"GymRegistration — registo manual também passa pelo Coach (analyze-gym, modo manual) acrescenta a sessão devolvida (já com coach_notes) ao store e fecha o formulário","status":"passed","title":"acrescenta a sessão devolvida (já com coach_notes) ao store e fecha o formulário","duration":89.10140000000001,"failureMessages":[],"meta":{},"tags":[]},{"ancestorTitles":["GymRegistration — registo manual também passa pelo Coach (analyze-gym, modo manual)"],"fullName":"GymRegistration — registo manual também passa pelo Coach (analyze-gym, modo manual) mostra o erro da Edge Function e não fecha o formulário","status":"passed","title":"mostra o erro da Edge Function e não fecha o formulário","duration":72.9717999999998,"failureMessages":[],"meta":{},"tags":[]},{"ancestorTitles":["GymRegistration — editar sessão existente"],"fullName":"GymRegistration — editar sessão existente pré-preenche os campos, esconde o seletor Foto/Manual e mostra os exercícios agrupados","status":"passed","title":"pré-preenche os campos, esconde o seletor Foto/Manual e mostra os exercícios agrupados","duration":32.56190000000015,"failureMessages":[],"meta":{},"tags":[]},{"ancestorTitles":["GymRegistration — editar sessão existente"],"fullName":"GymRegistration — editar sessão existente mudar só o nome faz update direto, sem chamar o Gemini","status":"passed","title":"mudar só o nome faz update direto, sem chamar o Gemini","duration":66.11319999999978,"failureMessages":[],"meta":{},"tags":[]},{"ancestorTitles":["GymRegistration — editar sessão existente"],"fullName":"GymRegistration — editar sessão existente editar uma série e adicionar um exercício novo passa pelo Coach","status":"passed","title":"editar uma série e adicionar um exercício novo passa pelo Coach","duration":159.31950000000052,"failureMessages":[],"meta":{},"tags":[]},{"ancestorTitles":["GymRegistration — editar sessão existente"],"fullName":"GymRegistration — editar sessão existente mudar o esforço passa pelo Coach — é métrica analítica","status":"passed","title":"mudar o esforço passa pelo Coach — é métrica analítica","duration":70.5007999999998,"failureMessages":[],"meta":{},"tags":[]},{"ancestorTitles":["GymRegistration — editar sessão existente"],"fullName":"GymRegistration — editar sessão existente mudar só as observações também passa pelo Coach","status":"passed","title":"mudar só as observações também passa pelo Coach","duration":59.27419999999984,"failureMessages":[],"meta":{},"tags":[]},{"ancestorTitles":["GymRegistration — editar sessão existente"],"fullName":"GymRegistration — editar sessão existente um erro do Coach não fecha o formulário nem perde as alterações","status":"passed","title":"um erro do Coach não fecha o formulário nem perde as alterações","duration":66.15670000000046,"failureMessages":[],"meta":{},"tags":[]}],"startTime":1786756245864,"endTime":1786756247328.1567,"status":"passed","message":"","name":"C:/Users/rpmar/IronHealth-master/src/components/Gym/GymRegistration.test.jsx"}]}
